{"name":"hexo","hostname":"xiayangdeMacBook-Pro.local","pid":33948,"level":20,"msg":"Hexo version: \u001b[35m3.4.3\u001b[39m","time":"2020-12-16T14:19:18.043Z","v":0}
{"name":"hexo","hostname":"xiayangdeMacBook-Pro.local","pid":33948,"level":20,"msg":"Working directory: \u001b[35m~/code/liuxiayang.github.io.newcode/\u001b[39m","time":"2020-12-16T14:19:18.044Z","v":0}
{"name":"hexo","hostname":"xiayangdeMacBook-Pro.local","pid":33948,"level":20,"msg":"Config loaded: \u001b[35m~/code/liuxiayang.github.io.newcode/_config.yml\u001b[39m","time":"2020-12-16T14:19:18.105Z","v":0}
{"name":"hexo","hostname":"xiayangdeMacBook-Pro.local","pid":33948,"level":20,"msg":"Plugin loaded: \u001b[35mhexo-deployer-git\u001b[39m","time":"2020-12-16T14:19:18.120Z","v":0}
{"name":"hexo","hostname":"xiayangdeMacBook-Pro.local","pid":33948,"level":20,"msg":"Plugin loaded: \u001b[35mhexo-generator-archive\u001b[39m","time":"2020-12-16T14:19:18.121Z","v":0}
{"name":"hexo","hostname":"xiayangdeMacBook-Pro.local","pid":33948,"level":20,"msg":"Plugin loaded: \u001b[35mhexo-generator-category\u001b[39m","time":"2020-12-16T14:19:18.122Z","v":0}
{"name":"hexo","hostname":"xiayangdeMacBook-Pro.local","pid":33948,"level":20,"msg":"Plugin loaded: \u001b[35mhexo-generator-index\u001b[39m","time":"2020-12-16T14:19:18.123Z","v":0}
{"name":"hexo","hostname":"xiayangdeMacBook-Pro.local","pid":33948,"level":20,"msg":"Plugin loaded: \u001b[35mhexo-generator-index-plus\u001b[39m","time":"2020-12-16T14:19:18.124Z","v":0}
{"name":"hexo","hostname":"xiayangdeMacBook-Pro.local","pid":33948,"level":20,"msg":"Plugin loaded: \u001b[35mhexo-generator-seo-friendly-sitemap\u001b[39m","time":"2020-12-16T14:19:18.132Z","v":0}
{"name":"hexo","hostname":"xiayangdeMacBook-Pro.local","pid":33948,"level":20,"msg":"Plugin loaded: \u001b[35mhexo-generator-tag\u001b[39m","time":"2020-12-16T14:19:18.133Z","v":0}
{"name":"hexo","hostname":"xiayangdeMacBook-Pro.local","pid":33948,"level":20,"msg":"Plugin loaded: \u001b[35mhexo-helper-live2d\u001b[39m","time":"2020-12-16T14:19:18.235Z","v":0}
{"name":"hexo","hostname":"xiayangdeMacBook-Pro.local","pid":33948,"level":20,"msg":"Plugin loaded: \u001b[35mhexo-renderer-ejs\u001b[39m","time":"2020-12-16T14:19:18.237Z","v":0}
{"name":"hexo","hostname":"xiayangdeMacBook-Pro.local","pid":33948,"level":20,"msg":"Plugin loaded: \u001b[35mhexo-renderer-markdown-it\u001b[39m","time":"2020-12-16T14:19:18.237Z","v":0}
{"name":"hexo","hostname":"xiayangdeMacBook-Pro.local","pid":33948,"level":20,"msg":"Plugin loaded: \u001b[35mhexo-renderer-stylus\u001b[39m","time":"2020-12-16T14:19:18.238Z","v":0}
{"name":"hexo","hostname":"xiayangdeMacBook-Pro.local","pid":33948,"level":20,"msg":"Plugin loaded: \u001b[35mhexo-server\u001b[39m","time":"2020-12-16T14:19:18.272Z","v":0}
{"name":"hexo","hostname":"xiayangdeMacBook-Pro.local","pid":33948,"level":20,"msg":"Plugin loaded: \u001b[35mhexo-toc\u001b[39m","time":"2020-12-16T14:19:18.325Z","v":0}
{"name":"hexo","hostname":"xiayangdeMacBook-Pro.local","pid":33948,"level":20,"msg":"Loading database.","time":"2020-12-16T14:19:18.331Z","v":0}
{"name":"hexo","hostname":"xiayangdeMacBook-Pro.local","pid":33948,"level":30,"msg":"Start processing","time":"2020-12-16T14:19:18.403Z","v":0}
{"name":"hexo","hostname":"xiayangdeMacBook-Pro.local","pid":33948,"level":20,"msg":"Processed: \u001b[35m404.md\u001b[39m","time":"2020-12-16T14:19:18.425Z","v":0}
{"name":"hexo","hostname":"xiayangdeMacBook-Pro.local","pid":33948,"level":20,"msg":"Processed: \u001b[35m_drafts/test-new-draft.md\u001b[39m","time":"2020-12-16T14:19:18.450Z","v":0}
{"name":"hexo","hostname":"xiayangdeMacBook-Pro.local","pid":33948,"level":20,"msg":"Processed: \u001b[35m_drafts/工作.md\u001b[39m","time":"2020-12-16T14:19:18.450Z","v":0}
{"name":"hexo","hostname":"xiayangdeMacBook-Pro.local","pid":33948,"level":20,"msg":"Processed: \u001b[35mabout/index.md\u001b[39m","time":"2020-12-16T14:19:18.450Z","v":0}
{"name":"hexo","hostname":"xiayangdeMacBook-Pro.local","pid":33948,"level":20,"msg":"Processed: \u001b[35m_posts/CSS学习笔记.md\u001b[39m","time":"2020-12-16T14:19:18.450Z","v":0}
{"name":"hexo","hostname":"xiayangdeMacBook-Pro.local","pid":33948,"level":20,"msg":"Processed: \u001b[35m_posts/JS学习笔记.md\u001b[39m","time":"2020-12-16T14:19:18.450Z","v":0}
{"name":"hexo","hostname":"xiayangdeMacBook-Pro.local","pid":33948,"level":20,"msg":"Processed: \u001b[35m_posts/Learning-English.md\u001b[39m","time":"2020-12-16T14:19:18.450Z","v":0}
{"name":"hexo","hostname":"xiayangdeMacBook-Pro.local","pid":33948,"level":20,"msg":"Processed: \u001b[35m_posts/React-Hooks-全局状态管理.md\u001b[39m","time":"2020-12-16T14:19:18.450Z","v":0}
{"name":"hexo","hostname":"xiayangdeMacBook-Pro.local","pid":33948,"level":20,"msg":"Processed: \u001b[35m_posts/TestNewEssay.md\u001b[39m","time":"2020-12-16T14:19:18.451Z","v":0}
{"name":"hexo","hostname":"xiayangdeMacBook-Pro.local","pid":33948,"level":20,"msg":"Processed: \u001b[35m_posts/一些句子.md\u001b[39m","time":"2020-12-16T14:19:18.451Z","v":0}
{"name":"hexo","hostname":"xiayangdeMacBook-Pro.local","pid":33948,"level":20,"msg":"Processed: \u001b[35m_posts/书单.md\u001b[39m","time":"2020-12-16T14:19:18.451Z","v":0}
{"name":"hexo","hostname":"xiayangdeMacBook-Pro.local","pid":33948,"level":20,"msg":"Processed: \u001b[35m_posts/仿国外老哥粒子特效.md\u001b[39m","time":"2020-12-16T14:19:18.451Z","v":0}
{"name":"hexo","hostname":"xiayangdeMacBook-Pro.local","pid":33948,"level":20,"msg":"Processed: \u001b[35m_posts/再看《笑傲江湖》.md\u001b[39m","time":"2020-12-16T14:19:18.451Z","v":0}
{"name":"hexo","hostname":"xiayangdeMacBook-Pro.local","pid":33948,"level":20,"msg":"Processed: \u001b[35m_posts/前端笔记.md\u001b[39m","time":"2020-12-16T14:19:18.451Z","v":0}
{"name":"hexo","hostname":"xiayangdeMacBook-Pro.local","pid":33948,"level":20,"msg":"Processed: \u001b[35m_posts/动漫.md\u001b[39m","time":"2020-12-16T14:19:18.451Z","v":0}
{"name":"hexo","hostname":"xiayangdeMacBook-Pro.local","pid":33948,"level":20,"msg":"Processed: \u001b[35m_posts/影评.md\u001b[39m","time":"2020-12-16T14:19:18.451Z","v":0}
{"name":"hexo","hostname":"xiayangdeMacBook-Pro.local","pid":33948,"level":20,"msg":"Processed: \u001b[35m_posts/后端学习笔记.md\u001b[39m","time":"2020-12-16T14:19:18.451Z","v":0}
{"name":"hexo","hostname":"xiayangdeMacBook-Pro.local","pid":33948,"level":20,"msg":"Processed: \u001b[35m_posts/忍不了现在的推送算法了.md\u001b[39m","time":"2020-12-16T14:19:18.451Z","v":0}
{"name":"hexo","hostname":"xiayangdeMacBook-Pro.local","pid":33948,"level":20,"msg":"Processed: \u001b[35m_posts/我所了解的量子力学.md\u001b[39m","time":"2020-12-16T14:19:18.451Z","v":0}
{"name":"hexo","hostname":"xiayangdeMacBook-Pro.local","pid":33948,"level":20,"msg":"Processed: \u001b[35m_posts/文化人.md\u001b[39m","time":"2020-12-16T14:19:18.451Z","v":0}
{"name":"hexo","hostname":"xiayangdeMacBook-Pro.local","pid":33948,"level":20,"msg":"Processed: \u001b[35m_posts/收藏hahaha.md\u001b[39m","time":"2020-12-16T14:19:18.451Z","v":0}
{"name":"hexo","hostname":"xiayangdeMacBook-Pro.local","pid":33948,"level":20,"msg":"Processed: \u001b[35m_posts/日记与梦.md\u001b[39m","time":"2020-12-16T14:19:18.451Z","v":0}
{"name":"hexo","hostname":"xiayangdeMacBook-Pro.local","pid":33948,"level":20,"msg":"Processed: \u001b[35m_posts/有趣的Web-3D.md\u001b[39m","time":"2020-12-16T14:19:18.451Z","v":0}
{"name":"hexo","hostname":"xiayangdeMacBook-Pro.local","pid":33948,"level":20,"msg":"Processed: \u001b[35m_posts/有趣的知识来者不拒.md\u001b[39m","time":"2020-12-16T14:19:18.451Z","v":0}
{"name":"hexo","hostname":"xiayangdeMacBook-Pro.local","pid":33948,"level":20,"msg":"Processed: \u001b[35m_posts/爸爸去哪了.md\u001b[39m","time":"2020-12-16T14:19:18.451Z","v":0}
{"name":"hexo","hostname":"xiayangdeMacBook-Pro.local","pid":33948,"level":20,"msg":"Processed: \u001b[35m_posts/经济学与理财生活.md\u001b[39m","time":"2020-12-16T14:19:18.451Z","v":0}
{"name":"hexo","hostname":"xiayangdeMacBook-Pro.local","pid":33948,"level":20,"msg":"Processed: \u001b[35m_posts/读《薛兆丰的经济学讲义》.md\u001b[39m","time":"2020-12-16T14:19:18.451Z","v":0}
{"name":"hexo","hostname":"xiayangdeMacBook-Pro.local","pid":33948,"level":20,"msg":"Processed: \u001b[35m_posts/跨时代游戏策划.md\u001b[39m","time":"2020-12-16T14:19:18.451Z","v":0}
{"name":"hexo","hostname":"xiayangdeMacBook-Pro.local","pid":33948,"level":20,"msg":"Processed: \u001b[35m_posts/理解this作用域链与原型链.md\u001b[39m","time":"2020-12-16T14:19:18.451Z","v":0}
{"name":"hexo","hostname":"xiayangdeMacBook-Pro.local","pid":33948,"level":20,"msg":"Processed: \u001b[35marchive/index.md\u001b[39m","time":"2020-12-16T14:19:18.451Z","v":0}
{"name":"hexo","hostname":"xiayangdeMacBook-Pro.local","pid":33948,"level":20,"msg":"Processed: \u001b[35mothers/index.md\u001b[39m","time":"2020-12-16T14:19:18.451Z","v":0}
{"name":"hexo","hostname":"xiayangdeMacBook-Pro.local","pid":33948,"level":20,"msg":"Processed: \u001b[35mtags/index.md\u001b[39m","time":"2020-12-16T14:19:18.451Z","v":0}
{"name":"hexo","hostname":"xiayangdeMacBook-Pro.local","pid":33948,"level":20,"msg":"Processed: \u001b[35mimg/icon_wechat.png\u001b[39m","time":"2020-12-16T14:19:18.452Z","v":0}
{"name":"hexo","hostname":"xiayangdeMacBook-Pro.local","pid":33948,"level":20,"msg":"Theme config loaded.","time":"2020-12-16T14:19:18.457Z","v":0}
{"name":"hexo","hostname":"xiayangdeMacBook-Pro.local","pid":33948,"level":20,"msg":"Processed: \u001b[35m_config.yml\u001b[39m","time":"2020-12-16T14:19:18.457Z","v":0}
{"name":"hexo","hostname":"xiayangdeMacBook-Pro.local","pid":33948,"level":20,"msg":"Processed: \u001b[35m_posts/前端笔记/defer-async.png\u001b[39m","time":"2020-12-16T14:19:18.483Z","v":0}
{"name":"hexo","hostname":"xiayangdeMacBook-Pro.local","pid":33948,"level":20,"msg":"Processed: \u001b[35mimg/avatar/Hikigaya.Hachiman.jpg\u001b[39m","time":"2020-12-16T14:19:18.484Z","v":0}
{"name":"hexo","hostname":"xiayangdeMacBook-Pro.local","pid":33948,"level":20,"msg":"Processed: \u001b[35m_posts/有趣的Web-3D/PerspectiveCamera1.jpg\u001b[39m","time":"2020-12-16T14:19:18.484Z","v":0}
{"name":"hexo","hostname":"xiayangdeMacBook-Pro.local","pid":33948,"level":20,"msg":"Processed: \u001b[35mimg/header_img/about-turn.jpg\u001b[39m","time":"2020-12-16T14:19:18.484Z","v":0}
{"name":"hexo","hostname":"xiayangdeMacBook-Pro.local","pid":33948,"level":20,"msg":"Processed: \u001b[35m_posts/有趣的Web-3D/tween.jpg\u001b[39m","time":"2020-12-16T14:19:18.485Z","v":0}
{"name":"hexo","hostname":"xiayangdeMacBook-Pro.local","pid":33948,"level":20,"msg":"Processed: \u001b[35mimg/header_img/about-turn1.jpg\u001b[39m","time":"2020-12-16T14:19:18.485Z","v":0}
{"name":"hexo","hostname":"xiayangdeMacBook-Pro.local","pid":33948,"level":20,"msg":"Processed: \u001b[35m_posts/有趣的Web-3D/three-do.png\u001b[39m","time":"2020-12-16T14:19:18.485Z","v":0}
{"name":"hexo","hostname":"xiayangdeMacBook-Pro.local","pid":33948,"level":20,"msg":"Processed: \u001b[35mimg/in-article/division-1.jpg\u001b[39m","time":"2020-12-16T14:19:18.485Z","v":0}
{"name":"hexo","hostname":"xiayangdeMacBook-Pro.local","pid":33948,"level":20,"msg":"Processed: \u001b[35msource/css/archive.styl\u001b[39m","time":"2020-12-16T14:19:18.485Z","v":0}
{"name":"hexo","hostname":"xiayangdeMacBook-Pro.local","pid":33948,"level":20,"msg":"Processed: \u001b[35m_posts/有趣的Web-3D/投影.jpeg\u001b[39m","time":"2020-12-16T14:19:18.485Z","v":0}
{"name":"hexo","hostname":"xiayangdeMacBook-Pro.local","pid":33948,"level":20,"msg":"Processed: \u001b[35msource/css/beantech.css\u001b[39m","time":"2020-12-16T14:19:18.486Z","v":0}
{"name":"hexo","hostname":"xiayangdeMacBook-Pro.local","pid":33948,"level":20,"msg":"Processed: \u001b[35msource/css/beantech.min.css\u001b[39m","time":"2020-12-16T14:19:18.486Z","v":0}
{"name":"hexo","hostname":"xiayangdeMacBook-Pro.local","pid":33948,"level":20,"msg":"Processed: \u001b[35msource/css/donate.css\u001b[39m","time":"2020-12-16T14:19:18.486Z","v":0}
{"name":"hexo","hostname":"xiayangdeMacBook-Pro.local","pid":33948,"level":20,"msg":"Processed: \u001b[35msource/css/highlight.styl\u001b[39m","time":"2020-12-16T14:19:18.486Z","v":0}
{"name":"hexo","hostname":"xiayangdeMacBook-Pro.local","pid":33948,"level":20,"msg":"Processed: \u001b[35msource/css/hux-blog.min.css\u001b[39m","time":"2020-12-16T14:19:18.486Z","v":0}
{"name":"hexo","hostname":"xiayangdeMacBook-Pro.local","pid":33948,"level":20,"msg":"Processed: \u001b[35msource/css/rocket.styl\u001b[39m","time":"2020-12-16T14:19:18.486Z","v":0}
{"name":"hexo","hostname":"xiayangdeMacBook-Pro.local","pid":33948,"level":20,"msg":"Processed: \u001b[35msource/css/signature.styl\u001b[39m","time":"2020-12-16T14:19:18.486Z","v":0}
{"name":"hexo","hostname":"xiayangdeMacBook-Pro.local","pid":33948,"level":20,"msg":"Processed: \u001b[35msource/css/toc.styl\u001b[39m","time":"2020-12-16T14:19:18.486Z","v":0}
{"name":"hexo","hostname":"xiayangdeMacBook-Pro.local","pid":33948,"level":20,"msg":"Processed: \u001b[35msource/css/widget.styl\u001b[39m","time":"2020-12-16T14:19:18.487Z","v":0}
{"name":"hexo","hostname":"xiayangdeMacBook-Pro.local","pid":33948,"level":20,"msg":"Processed: \u001b[35msource/fonts/glyphicons-halflings-regular.eot\u001b[39m","time":"2020-12-16T14:19:18.487Z","v":0}
{"name":"hexo","hostname":"xiayangdeMacBook-Pro.local","pid":33948,"level":20,"msg":"Processed: \u001b[35msource/fonts/glyphicons-halflings-regular.ttf\u001b[39m","time":"2020-12-16T14:19:18.487Z","v":0}
{"name":"hexo","hostname":"xiayangdeMacBook-Pro.local","pid":33948,"level":20,"msg":"Processed: \u001b[35msource/fonts/glyphicons-halflings-regular.woff\u001b[39m","time":"2020-12-16T14:19:18.487Z","v":0}
{"name":"hexo","hostname":"xiayangdeMacBook-Pro.local","pid":33948,"level":20,"msg":"Processed: \u001b[35msource/fonts/glyphicons-halflings-regular.woff2\u001b[39m","time":"2020-12-16T14:19:18.487Z","v":0}
{"name":"hexo","hostname":"xiayangdeMacBook-Pro.local","pid":33948,"level":20,"msg":"Processed: \u001b[35msource/js/hux-blog.js\u001b[39m","time":"2020-12-16T14:19:18.487Z","v":0}
{"name":"hexo","hostname":"xiayangdeMacBook-Pro.local","pid":33948,"level":20,"msg":"Processed: \u001b[35msource/js/bootstrap.min.js\u001b[39m","time":"2020-12-16T14:19:18.487Z","v":0}
{"name":"hexo","hostname":"xiayangdeMacBook-Pro.local","pid":33948,"level":20,"msg":"Processed: \u001b[35msource/js/hux-blog.min.js\u001b[39m","time":"2020-12-16T14:19:18.488Z","v":0}
{"name":"hexo","hostname":"xiayangdeMacBook-Pro.local","pid":33948,"level":20,"msg":"Processed: \u001b[35msource/js/jquery.nav.js\u001b[39m","time":"2020-12-16T14:19:18.488Z","v":0}
{"name":"hexo","hostname":"xiayangdeMacBook-Pro.local","pid":33948,"level":20,"msg":"Processed: \u001b[35msource/js/jquery.tagcloud.js\u001b[39m","time":"2020-12-16T14:19:18.488Z","v":0}
{"name":"hexo","hostname":"xiayangdeMacBook-Pro.local","pid":33948,"level":20,"msg":"Processed: \u001b[35msource/js/toc.js\u001b[39m","time":"2020-12-16T14:19:18.488Z","v":0}
{"name":"hexo","hostname":"xiayangdeMacBook-Pro.local","pid":33948,"level":20,"msg":"Processed: \u001b[35msource/js/totop.js\u001b[39m","time":"2020-12-16T14:19:18.488Z","v":0}
{"name":"hexo","hostname":"xiayangdeMacBook-Pro.local","pid":33948,"level":20,"msg":"Processed: \u001b[35m_posts/有趣的Web-3D/OrthographicCamera1.jpg\u001b[39m","time":"2020-12-16T14:19:18.506Z","v":0}
{"name":"hexo","hostname":"xiayangdeMacBook-Pro.local","pid":33948,"level":20,"msg":"Processed: \u001b[35mimg/header_img/about.jpg\u001b[39m","time":"2020-12-16T14:19:18.506Z","v":0}
{"name":"hexo","hostname":"xiayangdeMacBook-Pro.local","pid":33948,"level":20,"msg":"Processed: \u001b[35msource/css/bootstrap.min.css\u001b[39m","time":"2020-12-16T14:19:18.506Z","v":0}
{"name":"hexo","hostname":"xiayangdeMacBook-Pro.local","pid":33948,"level":20,"msg":"Processed: \u001b[35m_posts/有趣的Web-3D/二维拉三维.png\u001b[39m","time":"2020-12-16T14:19:18.507Z","v":0}
{"name":"hexo","hostname":"xiayangdeMacBook-Pro.local","pid":33948,"level":20,"msg":"Processed: \u001b[35msource/fonts/glyphicons-halflings-regular.svg\u001b[39m","time":"2020-12-16T14:19:18.507Z","v":0}
{"name":"hexo","hostname":"xiayangdeMacBook-Pro.local","pid":33948,"level":20,"msg":"Processed: \u001b[35m_posts/有趣的Web-3D/曲线旋转体.png\u001b[39m","time":"2020-12-16T14:19:18.507Z","v":0}
{"name":"hexo","hostname":"xiayangdeMacBook-Pro.local","pid":33948,"level":20,"msg":"Processed: \u001b[35msource/js/bootstrap.js\u001b[39m","time":"2020-12-16T14:19:18.507Z","v":0}
{"name":"hexo","hostname":"xiayangdeMacBook-Pro.local","pid":33948,"level":20,"msg":"Processed: \u001b[35m_posts/有趣的Web-3D/球体法向量.png\u001b[39m","time":"2020-12-16T14:19:18.507Z","v":0}
{"name":"hexo","hostname":"xiayangdeMacBook-Pro.local","pid":33948,"level":20,"msg":"Processed: \u001b[35msource/js/jquery.min.js\u001b[39m","time":"2020-12-16T14:19:18.507Z","v":0}
{"name":"hexo","hostname":"xiayangdeMacBook-Pro.local","pid":33948,"level":20,"msg":"Processed: \u001b[35mlayout/404.ejs\u001b[39m","time":"2020-12-16T14:19:18.519Z","v":0}
{"name":"hexo","hostname":"xiayangdeMacBook-Pro.local","pid":33948,"level":20,"msg":"Processed: \u001b[35mlayout/archive.ejs\u001b[39m","time":"2020-12-16T14:19:18.519Z","v":0}
{"name":"hexo","hostname":"xiayangdeMacBook-Pro.local","pid":33948,"level":20,"msg":"Processed: \u001b[35mlayout/about.ejs\u001b[39m","time":"2020-12-16T14:19:18.519Z","v":0}
{"name":"hexo","hostname":"xiayangdeMacBook-Pro.local","pid":33948,"level":20,"msg":"Processed: \u001b[35mlayout/index.ejs\u001b[39m","time":"2020-12-16T14:19:18.519Z","v":0}
{"name":"hexo","hostname":"xiayangdeMacBook-Pro.local","pid":33948,"level":20,"msg":"Processed: \u001b[35mlayout/keynote.ejs\u001b[39m","time":"2020-12-16T14:19:18.519Z","v":0}
{"name":"hexo","hostname":"xiayangdeMacBook-Pro.local","pid":33948,"level":20,"msg":"Processed: \u001b[35mlayout/layout.ejs\u001b[39m","time":"2020-12-16T14:19:18.519Z","v":0}
{"name":"hexo","hostname":"xiayangdeMacBook-Pro.local","pid":33948,"level":20,"msg":"Processed: \u001b[35mlayout/page.ejs\u001b[39m","time":"2020-12-16T14:19:18.519Z","v":0}
{"name":"hexo","hostname":"xiayangdeMacBook-Pro.local","pid":33948,"level":20,"msg":"Processed: \u001b[35mlayout/post.ejs\u001b[39m","time":"2020-12-16T14:19:18.519Z","v":0}
{"name":"hexo","hostname":"xiayangdeMacBook-Pro.local","pid":33948,"level":20,"msg":"Processed: \u001b[35mlayout/tags.ejs\u001b[39m","time":"2020-12-16T14:19:18.519Z","v":0}
{"name":"hexo","hostname":"xiayangdeMacBook-Pro.local","pid":33948,"level":20,"msg":"Processed: \u001b[35mimg/signature/BeanTechSign-white.png\u001b[39m","time":"2020-12-16T14:19:18.520Z","v":0}
{"name":"hexo","hostname":"xiayangdeMacBook-Pro.local","pid":33948,"level":20,"msg":"Processed: \u001b[35msource/css/bootstrap.css\u001b[39m","time":"2020-12-16T14:19:18.520Z","v":0}
{"name":"hexo","hostname":"xiayangdeMacBook-Pro.local","pid":33948,"level":20,"msg":"Processed: \u001b[35msource/css/images/ironman.png\u001b[39m","time":"2020-12-16T14:19:18.520Z","v":0}
{"name":"hexo","hostname":"xiayangdeMacBook-Pro.local","pid":33948,"level":20,"msg":"Processed: \u001b[35msource/css/images/rocket.png\u001b[39m","time":"2020-12-16T14:19:18.520Z","v":0}
{"name":"hexo","hostname":"xiayangdeMacBook-Pro.local","pid":33948,"level":20,"msg":"Processed: \u001b[35msource/js/jquery.js\u001b[39m","time":"2020-12-16T14:19:18.522Z","v":0}
{"name":"hexo","hostname":"xiayangdeMacBook-Pro.local","pid":33948,"level":20,"msg":"Processed: \u001b[35mlayout/_partial/footer.ejs\u001b[39m","time":"2020-12-16T14:19:18.527Z","v":0}
{"name":"hexo","hostname":"xiayangdeMacBook-Pro.local","pid":33948,"level":20,"msg":"Processed: \u001b[35mlayout/_partial/pagination.ejs\u001b[39m","time":"2020-12-16T14:19:18.527Z","v":0}
{"name":"hexo","hostname":"xiayangdeMacBook-Pro.local","pid":33948,"level":20,"msg":"Processed: \u001b[35mlayout/_partial/head.ejs\u001b[39m","time":"2020-12-16T14:19:18.527Z","v":0}
{"name":"hexo","hostname":"xiayangdeMacBook-Pro.local","pid":33948,"level":20,"msg":"Processed: \u001b[35mlayout/_partial/header.ejs\u001b[39m","time":"2020-12-16T14:19:18.527Z","v":0}
{"name":"hexo","hostname":"xiayangdeMacBook-Pro.local","pid":33948,"level":20,"msg":"Processed: \u001b[35mlayout/_partial/nav.ejs\u001b[39m","time":"2020-12-16T14:19:18.527Z","v":0}
{"name":"hexo","hostname":"xiayangdeMacBook-Pro.local","pid":33948,"level":20,"msg":"Processed: \u001b[35mlayout/_partial/sidebar.ejs\u001b[39m","time":"2020-12-16T14:19:18.527Z","v":0}
{"name":"hexo","hostname":"xiayangdeMacBook-Pro.local","pid":33948,"level":20,"msg":"Processed: \u001b[35mlayout/_widget/archive.ejs\u001b[39m","time":"2020-12-16T14:19:18.527Z","v":0}
{"name":"hexo","hostname":"xiayangdeMacBook-Pro.local","pid":33948,"level":20,"msg":"Processed: \u001b[35mlayout/_partial/toc.ejs\u001b[39m","time":"2020-12-16T14:19:18.527Z","v":0}
{"name":"hexo","hostname":"xiayangdeMacBook-Pro.local","pid":33948,"level":20,"msg":"Processed: \u001b[35mlayout/_widget/category.ejs\u001b[39m","time":"2020-12-16T14:19:18.527Z","v":0}
{"name":"hexo","hostname":"xiayangdeMacBook-Pro.local","pid":33948,"level":20,"msg":"Processed: \u001b[35mlayout/_widget/friends-blog.ejs\u001b[39m","time":"2020-12-16T14:19:18.527Z","v":0}
{"name":"hexo","hostname":"xiayangdeMacBook-Pro.local","pid":33948,"level":20,"msg":"Processed: \u001b[35mlayout/_widget/recent-posts.ejs\u001b[39m","time":"2020-12-16T14:19:18.527Z","v":0}
{"name":"hexo","hostname":"xiayangdeMacBook-Pro.local","pid":33948,"level":20,"msg":"Processed: \u001b[35mlayout/_widget/short-about.ejs\u001b[39m","time":"2020-12-16T14:19:18.527Z","v":0}
{"name":"hexo","hostname":"xiayangdeMacBook-Pro.local","pid":33948,"level":20,"msg":"Processed: \u001b[35mlayout/_widget/featured-tags.ejs\u001b[39m","time":"2020-12-16T14:19:18.527Z","v":0}
{"name":"hexo","hostname":"xiayangdeMacBook-Pro.local","pid":33948,"level":20,"msg":"Processed: \u001b[35m_posts/有趣的Web-3D/mesh.png\u001b[39m","time":"2020-12-16T14:19:18.531Z","v":0}
{"name":"hexo","hostname":"xiayangdeMacBook-Pro.local","pid":33948,"level":20,"msg":"Processed: \u001b[35mimg/header_img/archives-widget.jpg\u001b[39m","time":"2020-12-16T14:19:18.531Z","v":0}
{"name":"hexo","hostname":"xiayangdeMacBook-Pro.local","pid":33948,"level":20,"msg":"Processed: \u001b[35mimg/header_img/archive.jpg\u001b[39m","time":"2020-12-16T14:19:18.531Z","v":0}
{"name":"hexo","hostname":"xiayangdeMacBook-Pro.local","pid":33948,"level":20,"msg":"Processed: \u001b[35mimg/signature/BeanTechSign-black.png\u001b[39m","time":"2020-12-16T14:19:18.531Z","v":0}
{"name":"hexo","hostname":"xiayangdeMacBook-Pro.local","pid":33948,"level":20,"msg":"Processed: \u001b[35mimg/avatar/ironman.png\u001b[39m","time":"2020-12-16T14:19:18.533Z","v":0}
{"name":"hexo","hostname":"xiayangdeMacBook-Pro.local","pid":33948,"level":20,"msg":"Processed: \u001b[35mimg/article_header/article_bg.jpg\u001b[39m","time":"2020-12-16T14:19:18.533Z","v":0}
{"name":"hexo","hostname":"xiayangdeMacBook-Pro.local","pid":33948,"level":20,"msg":"Processed: \u001b[35m_posts/忍不了现在的推送算法了/zhihuScreenshot.png\u001b[39m","time":"2020-12-16T14:19:18.538Z","v":0}
{"name":"hexo","hostname":"xiayangdeMacBook-Pro.local","pid":33948,"level":20,"msg":"Processed: \u001b[35mimg/header_img/home.jpg\u001b[39m","time":"2020-12-16T14:19:18.543Z","v":0}
{"name":"hexo","hostname":"xiayangdeMacBook-Pro.local","pid":33948,"level":20,"msg":"Processed: \u001b[35mimg/header_img/tag.png\u001b[39m","time":"2020-12-16T14:19:18.549Z","v":0}
{"name":"hexo","hostname":"xiayangdeMacBook-Pro.local","pid":33948,"level":20,"msg":"Processed: \u001b[35mimg/Demo.png\u001b[39m","time":"2020-12-16T14:19:18.552Z","v":0}
{"name":"hexo","hostname":"xiayangdeMacBook-Pro.local","pid":33948,"level":20,"msg":"Processed: \u001b[35mimg/article_header/article_header.png\u001b[39m","time":"2020-12-16T14:19:18.553Z","v":0}
{"name":"hexo","hostname":"xiayangdeMacBook-Pro.local","pid":33948,"level":20,"msg":"Processed: \u001b[35mimg/header_img/home-bg-o.png\u001b[39m","time":"2020-12-16T14:19:18.555Z","v":0}
{"name":"hexo","hostname":"xiayangdeMacBook-Pro.local","pid":33948,"level":20,"msg":"Processed: \u001b[35mimg/header_img/home2.png\u001b[39m","time":"2020-12-16T14:19:18.556Z","v":0}
{"name":"hexo","hostname":"xiayangdeMacBook-Pro.local","pid":33948,"level":20,"msg":"Processed: \u001b[35mimg/header_img/404.png\u001b[39m","time":"2020-12-16T14:19:18.557Z","v":0}
{"name":"hexo","hostname":"xiayangdeMacBook-Pro.local","pid":33948,"level":20,"msg":"Generator: \u001b[35mpage\u001b[39m","time":"2020-12-16T14:19:18.580Z","v":0}
{"name":"hexo","hostname":"xiayangdeMacBook-Pro.local","pid":33948,"level":20,"msg":"Generator: \u001b[35mpost\u001b[39m","time":"2020-12-16T14:19:18.580Z","v":0}
{"name":"hexo","hostname":"xiayangdeMacBook-Pro.local","pid":33948,"level":20,"msg":"Generator: \u001b[35marchive\u001b[39m","time":"2020-12-16T14:19:18.580Z","v":0}
{"name":"hexo","hostname":"xiayangdeMacBook-Pro.local","pid":33948,"level":20,"msg":"Generator: \u001b[35mcategory\u001b[39m","time":"2020-12-16T14:19:18.580Z","v":0}
{"name":"hexo","hostname":"xiayangdeMacBook-Pro.local","pid":33948,"level":20,"msg":"Generator: \u001b[35mindex\u001b[39m","time":"2020-12-16T14:19:18.580Z","v":0}
{"name":"hexo","hostname":"xiayangdeMacBook-Pro.local","pid":33948,"level":20,"msg":"Generator: \u001b[35mtag\u001b[39m","time":"2020-12-16T14:19:18.580Z","v":0}
{"name":"hexo","hostname":"xiayangdeMacBook-Pro.local","pid":33948,"level":20,"msg":"Generator: \u001b[35mlive2d\u001b[39m","time":"2020-12-16T14:19:18.580Z","v":0}
{"name":"hexo","hostname":"xiayangdeMacBook-Pro.local","pid":33948,"level":20,"msg":"Generator: \u001b[35masset\u001b[39m","time":"2020-12-16T14:19:18.584Z","v":0}
{"name":"hexo","hostname":"xiayangdeMacBook-Pro.local","pid":33948,"level":20,"msg":"Generator: \u001b[35msitemap\u001b[39m","time":"2020-12-16T14:19:18.588Z","v":0}
{"name":"hexo","hostname":"xiayangdeMacBook-Pro.local","pid":33948,"level":30,"msg":"Files loaded in \u001b[36m263 ms\u001b[39m","time":"2020-12-16T14:19:18.593Z","v":0}
{"name":"hexo","hostname":"xiayangdeMacBook-Pro.local","pid":33948,"level":20,"msg":"Rendering 404: \u001b[35m404.html\u001b[39m","time":"2020-12-16T14:19:18.601Z","v":0}
{"name":"hexo","hostname":"xiayangdeMacBook-Pro.local","pid":33948,"level":20,"msg":"Rendering archive: \u001b[35marchive/index.html\u001b[39m","time":"2020-12-16T14:19:18.602Z","v":0}
{"name":"hexo","hostname":"xiayangdeMacBook-Pro.local","pid":33948,"level":20,"msg":"Rendering about: \u001b[35mabout/index.html\u001b[39m","time":"2020-12-16T14:19:18.603Z","v":0}
{"name":"hexo","hostname":"xiayangdeMacBook-Pro.local","pid":33948,"level":20,"msg":"Rendering tags: \u001b[35mtags/index.html\u001b[39m","time":"2020-12-16T14:19:18.604Z","v":0}
{"name":"hexo","hostname":"xiayangdeMacBook-Pro.local","pid":33948,"level":20,"msg":"Rendering page: \u001b[35mothers/index.html\u001b[39m","time":"2020-12-16T14:19:18.606Z","v":0}
{"name":"hexo","hostname":"xiayangdeMacBook-Pro.local","pid":33948,"level":20,"msg":"Rendering post: \u001b[35min-article/理解this作用域链与原型链/index.html\u001b[39m","time":"2020-12-16T14:19:18.612Z","v":0}
{"name":"hexo","hostname":"xiayangdeMacBook-Pro.local","pid":33948,"level":20,"msg":"Rendering post: \u001b[35min-article/有趣的知识来者不拒/index.html\u001b[39m","time":"2020-12-16T14:19:18.623Z","v":0}
{"name":"hexo","hostname":"xiayangdeMacBook-Pro.local","pid":33948,"level":20,"msg":"Rendering post: \u001b[35min-article/React-Hooks-全局状态管理/index.html\u001b[39m","time":"2020-12-16T14:19:18.627Z","v":0}
{"name":"hexo","hostname":"xiayangdeMacBook-Pro.local","pid":33948,"level":20,"msg":"Rendering post: \u001b[35min-article/有趣的Web-3D/index.html\u001b[39m","time":"2020-12-16T14:19:18.629Z","v":0}
{"name":"hexo","hostname":"xiayangdeMacBook-Pro.local","pid":33948,"level":20,"msg":"Rendering post: \u001b[35min-article/仿国外老哥粒子特效/index.html\u001b[39m","time":"2020-12-16T14:19:18.646Z","v":0}
{"name":"hexo","hostname":"xiayangdeMacBook-Pro.local","pid":33948,"level":20,"msg":"Rendering post: \u001b[35min-article/爸爸去哪了/index.html\u001b[39m","time":"2020-12-16T14:19:18.647Z","v":0}
{"name":"hexo","hostname":"xiayangdeMacBook-Pro.local","pid":33948,"level":20,"msg":"Rendering post: \u001b[35m有感而发/再看《笑傲江湖》/index.html\u001b[39m","time":"2020-12-16T14:19:18.649Z","v":0}
{"name":"hexo","hostname":"xiayangdeMacBook-Pro.local","pid":33948,"level":20,"msg":"Rendering post: \u001b[35min-article/文化人/index.html\u001b[39m","time":"2020-12-16T14:19:18.650Z","v":0}
{"name":"hexo","hostname":"xiayangdeMacBook-Pro.local","pid":33948,"level":20,"msg":"Rendering post: \u001b[35min-article/书单/index.html\u001b[39m","time":"2020-12-16T14:19:18.653Z","v":0}
{"name":"hexo","hostname":"xiayangdeMacBook-Pro.local","pid":33948,"level":20,"msg":"Rendering post: \u001b[35min-article/收藏hahaha/index.html\u001b[39m","time":"2020-12-16T14:19:18.660Z","v":0}
{"name":"hexo","hostname":"xiayangdeMacBook-Pro.local","pid":33948,"level":20,"msg":"Rendering post: \u001b[35min-article/跨时代游戏策划/index.html\u001b[39m","time":"2020-12-16T14:19:18.662Z","v":0}
{"name":"hexo","hostname":"xiayangdeMacBook-Pro.local","pid":33948,"level":20,"msg":"Rendering post: \u001b[35min-article/一些句子/index.html\u001b[39m","time":"2020-12-16T14:19:18.665Z","v":0}
{"name":"hexo","hostname":"xiayangdeMacBook-Pro.local","pid":33948,"level":20,"msg":"Rendering post: \u001b[35min-article/后端学习笔记/index.html\u001b[39m","time":"2020-12-16T14:19:18.669Z","v":0}
{"name":"hexo","hostname":"xiayangdeMacBook-Pro.local","pid":33948,"level":20,"msg":"Rendering post: \u001b[35min-article/JS学习笔记/index.html\u001b[39m","time":"2020-12-16T14:19:18.671Z","v":0}
{"name":"hexo","hostname":"xiayangdeMacBook-Pro.local","pid":33948,"level":20,"msg":"Rendering post: \u001b[35min-article/日记与梦/index.html\u001b[39m","time":"2020-12-16T14:19:18.673Z","v":0}
{"name":"hexo","hostname":"xiayangdeMacBook-Pro.local","pid":33948,"level":20,"msg":"Rendering post: \u001b[35min-article/忍不了现在的推送算法了/index.html\u001b[39m","time":"2020-12-16T14:19:18.679Z","v":0}
{"name":"hexo","hostname":"xiayangdeMacBook-Pro.local","pid":33948,"level":20,"msg":"Rendering post: \u001b[35m有感而发/动漫/index.html\u001b[39m","time":"2020-12-16T14:19:18.679Z","v":0}
{"name":"hexo","hostname":"xiayangdeMacBook-Pro.local","pid":33948,"level":20,"msg":"Rendering post: \u001b[35min-article/读《薛兆丰的经济学讲义》/index.html\u001b[39m","time":"2020-12-16T14:19:18.681Z","v":0}
{"name":"hexo","hostname":"xiayangdeMacBook-Pro.local","pid":33948,"level":20,"msg":"Rendering post: \u001b[35min-article/影评/index.html\u001b[39m","time":"2020-12-16T14:19:18.683Z","v":0}
{"name":"hexo","hostname":"xiayangdeMacBook-Pro.local","pid":33948,"level":20,"msg":"Rendering post: \u001b[35min-article/Learning-English/index.html\u001b[39m","time":"2020-12-16T14:19:18.684Z","v":0}
{"name":"hexo","hostname":"xiayangdeMacBook-Pro.local","pid":33948,"level":20,"msg":"Rendering post: \u001b[35min-article/CSS学习笔记/index.html\u001b[39m","time":"2020-12-16T14:19:18.687Z","v":0}
{"name":"hexo","hostname":"xiayangdeMacBook-Pro.local","pid":33948,"level":20,"msg":"Rendering post: \u001b[35min-article/经济学与理财生活/index.html\u001b[39m","time":"2020-12-16T14:19:18.688Z","v":0}
{"name":"hexo","hostname":"xiayangdeMacBook-Pro.local","pid":33948,"level":20,"msg":"Rendering post: \u001b[35min-article/我所了解的量子力学/index.html\u001b[39m","time":"2020-12-16T14:19:18.691Z","v":0}
{"name":"hexo","hostname":"xiayangdeMacBook-Pro.local","pid":33948,"level":20,"msg":"Rendering post: \u001b[35min-article/前端笔记/index.html\u001b[39m","time":"2020-12-16T14:19:18.692Z","v":0}
{"name":"hexo","hostname":"xiayangdeMacBook-Pro.local","pid":33948,"level":20,"msg":"Rendering post: \u001b[35m随笔/TestNewEssay/index.html\u001b[39m","time":"2020-12-16T14:19:18.712Z","v":0}
{"name":"hexo","hostname":"xiayangdeMacBook-Pro.local","pid":33948,"level":20,"msg":"Rendering archive: \u001b[35marchives/index.html\u001b[39m","time":"2020-12-16T14:19:18.713Z","v":0}
{"name":"hexo","hostname":"xiayangdeMacBook-Pro.local","pid":33948,"level":20,"msg":"Rendering archive: \u001b[35marchives/archives/2/index.html\u001b[39m","time":"2020-12-16T14:19:18.714Z","v":0}
{"name":"hexo","hostname":"xiayangdeMacBook-Pro.local","pid":33948,"level":20,"msg":"Rendering archive: \u001b[35marchives/archives/3/index.html\u001b[39m","time":"2020-12-16T14:19:18.714Z","v":0}
{"name":"hexo","hostname":"xiayangdeMacBook-Pro.local","pid":33948,"level":20,"msg":"Rendering archive: \u001b[35marchives/2018/index.html\u001b[39m","time":"2020-12-16T14:19:18.715Z","v":0}
{"name":"hexo","hostname":"xiayangdeMacBook-Pro.local","pid":33948,"level":20,"msg":"Rendering archive: \u001b[35marchives/2018/09/index.html\u001b[39m","time":"2020-12-16T14:19:18.715Z","v":0}
{"name":"hexo","hostname":"xiayangdeMacBook-Pro.local","pid":33948,"level":20,"msg":"Rendering archive: \u001b[35marchives/2019/index.html\u001b[39m","time":"2020-12-16T14:19:18.716Z","v":0}
{"name":"hexo","hostname":"xiayangdeMacBook-Pro.local","pid":33948,"level":20,"msg":"Rendering archive: \u001b[35marchives/2019/archives/2/index.html\u001b[39m","time":"2020-12-16T14:19:18.717Z","v":0}
{"name":"hexo","hostname":"xiayangdeMacBook-Pro.local","pid":33948,"level":20,"msg":"Rendering archive: \u001b[35marchives/2019/archives/3/index.html\u001b[39m","time":"2020-12-16T14:19:18.717Z","v":0}
{"name":"hexo","hostname":"xiayangdeMacBook-Pro.local","pid":33948,"level":20,"msg":"Rendering archive: \u001b[35marchives/2019/04/index.html\u001b[39m","time":"2020-12-16T14:19:18.718Z","v":0}
{"name":"hexo","hostname":"xiayangdeMacBook-Pro.local","pid":33948,"level":20,"msg":"Rendering archive: \u001b[35marchives/2019/05/index.html\u001b[39m","time":"2020-12-16T14:19:18.718Z","v":0}
{"name":"hexo","hostname":"xiayangdeMacBook-Pro.local","pid":33948,"level":20,"msg":"Rendering archive: \u001b[35marchives/2019/06/index.html\u001b[39m","time":"2020-12-16T14:19:18.719Z","v":0}
{"name":"hexo","hostname":"xiayangdeMacBook-Pro.local","pid":33948,"level":20,"msg":"Rendering archive: \u001b[35marchives/2019/07/index.html\u001b[39m","time":"2020-12-16T14:19:18.719Z","v":0}
{"name":"hexo","hostname":"xiayangdeMacBook-Pro.local","pid":33948,"level":20,"msg":"Rendering archive: \u001b[35marchives/2019/08/index.html\u001b[39m","time":"2020-12-16T14:19:18.720Z","v":0}
{"name":"hexo","hostname":"xiayangdeMacBook-Pro.local","pid":33948,"level":20,"msg":"Rendering archive: \u001b[35marchives/2019/10/index.html\u001b[39m","time":"2020-12-16T14:19:18.720Z","v":0}
{"name":"hexo","hostname":"xiayangdeMacBook-Pro.local","pid":33948,"level":20,"msg":"Rendering archive: \u001b[35marchives/2020/index.html\u001b[39m","time":"2020-12-16T14:19:18.721Z","v":0}
{"name":"hexo","hostname":"xiayangdeMacBook-Pro.local","pid":33948,"level":20,"msg":"Rendering archive: \u001b[35marchives/2020/03/index.html\u001b[39m","time":"2020-12-16T14:19:18.721Z","v":0}
{"name":"hexo","hostname":"xiayangdeMacBook-Pro.local","pid":33948,"level":20,"msg":"Rendering archive: \u001b[35marchives/2020/07/index.html\u001b[39m","time":"2020-12-16T14:19:18.722Z","v":0}
{"name":"hexo","hostname":"xiayangdeMacBook-Pro.local","pid":33948,"level":20,"msg":"Rendering archive: \u001b[35marchives/2020/09/index.html\u001b[39m","time":"2020-12-16T14:19:18.723Z","v":0}
{"name":"hexo","hostname":"xiayangdeMacBook-Pro.local","pid":33948,"level":20,"msg":"Rendering archive: \u001b[35mcategories/随笔/index.html\u001b[39m","time":"2020-12-16T14:19:18.723Z","v":0}
{"name":"hexo","hostname":"xiayangdeMacBook-Pro.local","pid":33948,"level":20,"msg":"Rendering archive: \u001b[35mcategories/有感而发/index.html\u001b[39m","time":"2020-12-16T14:19:18.724Z","v":0}
{"name":"hexo","hostname":"xiayangdeMacBook-Pro.local","pid":33948,"level":20,"msg":"Rendering index: \u001b[35mindex.html\u001b[39m","time":"2020-12-16T14:19:18.724Z","v":0}
{"name":"hexo","hostname":"xiayangdeMacBook-Pro.local","pid":33948,"level":20,"msg":"Rendering archive: \u001b[35mtags/Skill/index.html\u001b[39m","time":"2020-12-16T14:19:18.728Z","v":0}
{"name":"hexo","hostname":"xiayangdeMacBook-Pro.local","pid":33948,"level":20,"msg":"Rendering archive: \u001b[35mtags/Notes/index.html\u001b[39m","time":"2020-12-16T14:19:18.729Z","v":0}
{"name":"hexo","hostname":"xiayangdeMacBook-Pro.local","pid":33948,"level":20,"msg":"Rendering archive: \u001b[35mtags/React/index.html\u001b[39m","time":"2020-12-16T14:19:18.729Z","v":0}
{"name":"hexo","hostname":"xiayangdeMacBook-Pro.local","pid":33948,"level":20,"msg":"Rendering archive: \u001b[35mtags/Essay/index.html\u001b[39m","time":"2020-12-16T14:19:18.730Z","v":0}
{"name":"hexo","hostname":"xiayangdeMacBook-Pro.local","pid":33948,"level":20,"msg":"Rendering archive: \u001b[35mtags/Impression/index.html\u001b[39m","time":"2020-12-16T14:19:18.731Z","v":0}
{"name":"hexo","hostname":"xiayangdeMacBook-Pro.local","pid":33948,"level":20,"msg":"Rendering archive: \u001b[35mtags/Daily/index.html\u001b[39m","time":"2020-12-16T14:19:18.731Z","v":0}
{"name":"hexo","hostname":"xiayangdeMacBook-Pro.local","pid":33948,"level":20,"msg":"Rendering archive: \u001b[35mtags/Economics/index.html\u001b[39m","time":"2020-12-16T14:19:18.732Z","v":0}
{"name":"hexo","hostname":"xiayangdeMacBook-Pro.local","pid":33948,"level":20,"msg":"Rendering archive: \u001b[35mtags/Travel/index.html\u001b[39m","time":"2020-12-16T14:19:18.732Z","v":0}
{"name":"hexo","hostname":"xiayangdeMacBook-Pro.local","pid":33948,"level":20,"msg":"Rendering index: \u001b[35mpage/2/index.html\u001b[39m","time":"2020-12-16T14:19:18.945Z","v":0}
{"name":"hexo","hostname":"xiayangdeMacBook-Pro.local","pid":33948,"level":20,"msg":"Rendering index: \u001b[35mpage/3/index.html\u001b[39m","time":"2020-12-16T14:19:18.948Z","v":0}
{"name":"hexo","hostname":"xiayangdeMacBook-Pro.local","pid":33948,"level":30,"msg":"Generated: \u001b[35mpost-sitemap.xml\u001b[39m","time":"2020-12-16T14:19:18.986Z","v":0}
{"name":"hexo","hostname":"xiayangdeMacBook-Pro.local","pid":33948,"level":30,"msg":"Generated: \u001b[35mpage-sitemap.xml\u001b[39m","time":"2020-12-16T14:19:18.987Z","v":0}
{"name":"hexo","hostname":"xiayangdeMacBook-Pro.local","pid":33948,"level":30,"msg":"Generated: \u001b[35mtag-sitemap.xml\u001b[39m","time":"2020-12-16T14:19:18.987Z","v":0}
{"name":"hexo","hostname":"xiayangdeMacBook-Pro.local","pid":33948,"level":30,"msg":"Generated: \u001b[35mcategory-sitemap.xml\u001b[39m","time":"2020-12-16T14:19:18.987Z","v":0}
{"name":"hexo","hostname":"xiayangdeMacBook-Pro.local","pid":33948,"level":30,"msg":"Generated: \u001b[35msitemap.xsl\u001b[39m","time":"2020-12-16T14:19:18.987Z","v":0}
{"name":"hexo","hostname":"xiayangdeMacBook-Pro.local","pid":33948,"level":30,"msg":"Generated: \u001b[35msitemap.xml\u001b[39m","time":"2020-12-16T14:19:18.987Z","v":0}
{"name":"hexo","hostname":"xiayangdeMacBook-Pro.local","pid":33948,"level":30,"msg":"Generated: \u001b[35m404.html\u001b[39m","time":"2020-12-16T14:19:18.988Z","v":0}
{"name":"hexo","hostname":"xiayangdeMacBook-Pro.local","pid":33948,"level":30,"msg":"Generated: \u001b[35mothers/index.html\u001b[39m","time":"2020-12-16T14:19:18.989Z","v":0}
{"name":"hexo","hostname":"xiayangdeMacBook-Pro.local","pid":33948,"level":30,"msg":"Generated: \u001b[35mtags/index.html\u001b[39m","time":"2020-12-16T14:19:18.989Z","v":0}
{"name":"hexo","hostname":"xiayangdeMacBook-Pro.local","pid":33948,"level":30,"msg":"Generated: \u001b[35min-article/理解this作用域链与原型链/index.html\u001b[39m","time":"2020-12-16T14:19:18.989Z","v":0}
{"name":"hexo","hostname":"xiayangdeMacBook-Pro.local","pid":33948,"level":30,"msg":"Generated: \u001b[35min-article/React-Hooks-全局状态管理/index.html\u001b[39m","time":"2020-12-16T14:19:18.989Z","v":0}
{"name":"hexo","hostname":"xiayangdeMacBook-Pro.local","pid":33948,"level":30,"msg":"Generated: \u001b[35min-article/有趣的知识来者不拒/index.html\u001b[39m","time":"2020-12-16T14:19:18.989Z","v":0}
{"name":"hexo","hostname":"xiayangdeMacBook-Pro.local","pid":33948,"level":30,"msg":"Generated: \u001b[35min-article/爸爸去哪了/index.html\u001b[39m","time":"2020-12-16T14:19:18.989Z","v":0}
{"name":"hexo","hostname":"xiayangdeMacBook-Pro.local","pid":33948,"level":30,"msg":"Generated: \u001b[35min-article/仿国外老哥粒子特效/index.html\u001b[39m","time":"2020-12-16T14:19:18.989Z","v":0}
{"name":"hexo","hostname":"xiayangdeMacBook-Pro.local","pid":33948,"level":30,"msg":"Generated: \u001b[35m有感而发/再看《笑傲江湖》/index.html\u001b[39m","time":"2020-12-16T14:19:18.989Z","v":0}
{"name":"hexo","hostname":"xiayangdeMacBook-Pro.local","pid":33948,"level":30,"msg":"Generated: \u001b[35min-article/书单/index.html\u001b[39m","time":"2020-12-16T14:19:18.989Z","v":0}
{"name":"hexo","hostname":"xiayangdeMacBook-Pro.local","pid":33948,"level":30,"msg":"Generated: \u001b[35min-article/文化人/index.html\u001b[39m","time":"2020-12-16T14:19:18.989Z","v":0}
{"name":"hexo","hostname":"xiayangdeMacBook-Pro.local","pid":33948,"level":30,"msg":"Generated: \u001b[35min-article/有趣的Web-3D/index.html\u001b[39m","time":"2020-12-16T14:19:18.989Z","v":0}
{"name":"hexo","hostname":"xiayangdeMacBook-Pro.local","pid":33948,"level":30,"msg":"Generated: \u001b[35min-article/收藏hahaha/index.html\u001b[39m","time":"2020-12-16T14:19:18.989Z","v":0}
{"name":"hexo","hostname":"xiayangdeMacBook-Pro.local","pid":33948,"level":30,"msg":"Generated: \u001b[35min-article/一些句子/index.html\u001b[39m","time":"2020-12-16T14:19:18.989Z","v":0}
{"name":"hexo","hostname":"xiayangdeMacBook-Pro.local","pid":33948,"level":30,"msg":"Generated: \u001b[35min-article/跨时代游戏策划/index.html\u001b[39m","time":"2020-12-16T14:19:18.989Z","v":0}
{"name":"hexo","hostname":"xiayangdeMacBook-Pro.local","pid":33948,"level":30,"msg":"Generated: \u001b[35min-article/JS学习笔记/index.html\u001b[39m","time":"2020-12-16T14:19:18.989Z","v":0}
{"name":"hexo","hostname":"xiayangdeMacBook-Pro.local","pid":33948,"level":30,"msg":"Generated: \u001b[35min-article/后端学习笔记/index.html\u001b[39m","time":"2020-12-16T14:19:18.989Z","v":0}
{"name":"hexo","hostname":"xiayangdeMacBook-Pro.local","pid":33948,"level":30,"msg":"Generated: \u001b[35min-article/忍不了现在的推送算法了/index.html\u001b[39m","time":"2020-12-16T14:19:18.989Z","v":0}
{"name":"hexo","hostname":"xiayangdeMacBook-Pro.local","pid":33948,"level":30,"msg":"Generated: \u001b[35min-article/日记与梦/index.html\u001b[39m","time":"2020-12-16T14:19:18.989Z","v":0}
{"name":"hexo","hostname":"xiayangdeMacBook-Pro.local","pid":33948,"level":30,"msg":"Generated: \u001b[35m有感而发/动漫/index.html\u001b[39m","time":"2020-12-16T14:19:18.990Z","v":0}
{"name":"hexo","hostname":"xiayangdeMacBook-Pro.local","pid":33948,"level":30,"msg":"Generated: \u001b[35min-article/读《薛兆丰的经济学讲义》/index.html\u001b[39m","time":"2020-12-16T14:19:18.990Z","v":0}
{"name":"hexo","hostname":"xiayangdeMacBook-Pro.local","pid":33948,"level":30,"msg":"Generated: \u001b[35min-article/影评/index.html\u001b[39m","time":"2020-12-16T14:19:18.990Z","v":0}
{"name":"hexo","hostname":"xiayangdeMacBook-Pro.local","pid":33948,"level":30,"msg":"Generated: \u001b[35min-article/Learning-English/index.html\u001b[39m","time":"2020-12-16T14:19:18.990Z","v":0}
{"name":"hexo","hostname":"xiayangdeMacBook-Pro.local","pid":33948,"level":30,"msg":"Generated: \u001b[35min-article/CSS学习笔记/index.html\u001b[39m","time":"2020-12-16T14:19:18.990Z","v":0}
{"name":"hexo","hostname":"xiayangdeMacBook-Pro.local","pid":33948,"level":30,"msg":"Generated: \u001b[35min-article/经济学与理财生活/index.html\u001b[39m","time":"2020-12-16T14:19:18.990Z","v":0}
{"name":"hexo","hostname":"xiayangdeMacBook-Pro.local","pid":33948,"level":30,"msg":"Generated: \u001b[35min-article/我所了解的量子力学/index.html\u001b[39m","time":"2020-12-16T14:19:18.990Z","v":0}
{"name":"hexo","hostname":"xiayangdeMacBook-Pro.local","pid":33948,"level":30,"msg":"Generated: \u001b[35min-article/前端笔记/index.html\u001b[39m","time":"2020-12-16T14:19:18.990Z","v":0}
{"name":"hexo","hostname":"xiayangdeMacBook-Pro.local","pid":33948,"level":30,"msg":"Generated: \u001b[35m随笔/TestNewEssay/index.html\u001b[39m","time":"2020-12-16T14:19:18.990Z","v":0}
{"name":"hexo","hostname":"xiayangdeMacBook-Pro.local","pid":33948,"level":30,"msg":"Generated: \u001b[35marchive/index.html\u001b[39m","time":"2020-12-16T14:19:18.990Z","v":0}
{"name":"hexo","hostname":"xiayangdeMacBook-Pro.local","pid":33948,"level":30,"msg":"Generated: \u001b[35mabout/index.html\u001b[39m","time":"2020-12-16T14:19:18.990Z","v":0}
{"name":"hexo","hostname":"xiayangdeMacBook-Pro.local","pid":33948,"level":30,"msg":"Generated: \u001b[35marchives/index.html\u001b[39m","time":"2020-12-16T14:19:18.990Z","v":0}
{"name":"hexo","hostname":"xiayangdeMacBook-Pro.local","pid":33948,"level":30,"msg":"Generated: \u001b[35marchives/archives/3/index.html\u001b[39m","time":"2020-12-16T14:19:18.990Z","v":0}
{"name":"hexo","hostname":"xiayangdeMacBook-Pro.local","pid":33948,"level":30,"msg":"Generated: \u001b[35marchives/2018/index.html\u001b[39m","time":"2020-12-16T14:19:18.990Z","v":0}
{"name":"hexo","hostname":"xiayangdeMacBook-Pro.local","pid":33948,"level":30,"msg":"Generated: \u001b[35marchives/archives/2/index.html\u001b[39m","time":"2020-12-16T14:19:18.990Z","v":0}
{"name":"hexo","hostname":"xiayangdeMacBook-Pro.local","pid":33948,"level":30,"msg":"Generated: \u001b[35marchives/2018/09/index.html\u001b[39m","time":"2020-12-16T14:19:18.990Z","v":0}
{"name":"hexo","hostname":"xiayangdeMacBook-Pro.local","pid":33948,"level":30,"msg":"Generated: \u001b[35marchives/2019/index.html\u001b[39m","time":"2020-12-16T14:19:18.990Z","v":0}
{"name":"hexo","hostname":"xiayangdeMacBook-Pro.local","pid":33948,"level":30,"msg":"Generated: \u001b[35marchives/2019/04/index.html\u001b[39m","time":"2020-12-16T14:19:18.990Z","v":0}
{"name":"hexo","hostname":"xiayangdeMacBook-Pro.local","pid":33948,"level":30,"msg":"Generated: \u001b[35marchives/2019/archives/2/index.html\u001b[39m","time":"2020-12-16T14:19:18.990Z","v":0}
{"name":"hexo","hostname":"xiayangdeMacBook-Pro.local","pid":33948,"level":30,"msg":"Generated: \u001b[35marchives/2019/archives/3/index.html\u001b[39m","time":"2020-12-16T14:19:18.990Z","v":0}
{"name":"hexo","hostname":"xiayangdeMacBook-Pro.local","pid":33948,"level":30,"msg":"Generated: \u001b[35marchives/2019/05/index.html\u001b[39m","time":"2020-12-16T14:19:18.990Z","v":0}
{"name":"hexo","hostname":"xiayangdeMacBook-Pro.local","pid":33948,"level":30,"msg":"Generated: \u001b[35marchives/2019/07/index.html\u001b[39m","time":"2020-12-16T14:19:18.990Z","v":0}
{"name":"hexo","hostname":"xiayangdeMacBook-Pro.local","pid":33948,"level":30,"msg":"Generated: \u001b[35marchives/2019/08/index.html\u001b[39m","time":"2020-12-16T14:19:18.991Z","v":0}
{"name":"hexo","hostname":"xiayangdeMacBook-Pro.local","pid":33948,"level":30,"msg":"Generated: \u001b[35marchives/2019/06/index.html\u001b[39m","time":"2020-12-16T14:19:18.991Z","v":0}
{"name":"hexo","hostname":"xiayangdeMacBook-Pro.local","pid":33948,"level":30,"msg":"Generated: \u001b[35marchives/2019/10/index.html\u001b[39m","time":"2020-12-16T14:19:18.991Z","v":0}
{"name":"hexo","hostname":"xiayangdeMacBook-Pro.local","pid":33948,"level":30,"msg":"Generated: \u001b[35marchives/2020/03/index.html\u001b[39m","time":"2020-12-16T14:19:18.991Z","v":0}
{"name":"hexo","hostname":"xiayangdeMacBook-Pro.local","pid":33948,"level":30,"msg":"Generated: \u001b[35marchives/2020/09/index.html\u001b[39m","time":"2020-12-16T14:19:18.991Z","v":0}
{"name":"hexo","hostname":"xiayangdeMacBook-Pro.local","pid":33948,"level":30,"msg":"Generated: \u001b[35mcategories/随笔/index.html\u001b[39m","time":"2020-12-16T14:19:18.991Z","v":0}
{"name":"hexo","hostname":"xiayangdeMacBook-Pro.local","pid":33948,"level":30,"msg":"Generated: \u001b[35marchives/2020/07/index.html\u001b[39m","time":"2020-12-16T14:19:18.991Z","v":0}
{"name":"hexo","hostname":"xiayangdeMacBook-Pro.local","pid":33948,"level":30,"msg":"Generated: \u001b[35mcategories/有感而发/index.html\u001b[39m","time":"2020-12-16T14:19:18.991Z","v":0}
{"name":"hexo","hostname":"xiayangdeMacBook-Pro.local","pid":33948,"level":30,"msg":"Generated: \u001b[35mindex.html\u001b[39m","time":"2020-12-16T14:19:18.991Z","v":0}
{"name":"hexo","hostname":"xiayangdeMacBook-Pro.local","pid":33948,"level":30,"msg":"Generated: \u001b[35marchives/2020/index.html\u001b[39m","time":"2020-12-16T14:19:18.991Z","v":0}
{"name":"hexo","hostname":"xiayangdeMacBook-Pro.local","pid":33948,"level":30,"msg":"Generated: \u001b[35mtags/Skill/index.html\u001b[39m","time":"2020-12-16T14:19:18.991Z","v":0}
{"name":"hexo","hostname":"xiayangdeMacBook-Pro.local","pid":33948,"level":30,"msg":"Generated: \u001b[35mtags/Notes/index.html\u001b[39m","time":"2020-12-16T14:19:18.991Z","v":0}
{"name":"hexo","hostname":"xiayangdeMacBook-Pro.local","pid":33948,"level":30,"msg":"Generated: \u001b[35mtags/React/index.html\u001b[39m","time":"2020-12-16T14:19:18.991Z","v":0}
{"name":"hexo","hostname":"xiayangdeMacBook-Pro.local","pid":33948,"level":30,"msg":"Generated: \u001b[35mtags/Essay/index.html\u001b[39m","time":"2020-12-16T14:19:18.991Z","v":0}
{"name":"hexo","hostname":"xiayangdeMacBook-Pro.local","pid":33948,"level":30,"msg":"Generated: \u001b[35mtags/Impression/index.html\u001b[39m","time":"2020-12-16T14:19:18.991Z","v":0}
{"name":"hexo","hostname":"xiayangdeMacBook-Pro.local","pid":33948,"level":30,"msg":"Generated: \u001b[35mtags/Economics/index.html\u001b[39m","time":"2020-12-16T14:19:18.991Z","v":0}
{"name":"hexo","hostname":"xiayangdeMacBook-Pro.local","pid":33948,"level":30,"msg":"Generated: \u001b[35mtags/Daily/index.html\u001b[39m","time":"2020-12-16T14:19:18.991Z","v":0}
{"name":"hexo","hostname":"xiayangdeMacBook-Pro.local","pid":33948,"level":30,"msg":"Generated: \u001b[35mtags/Travel/index.html\u001b[39m","time":"2020-12-16T14:19:18.991Z","v":0}
{"name":"hexo","hostname":"xiayangdeMacBook-Pro.local","pid":33948,"level":30,"msg":"Generated: \u001b[35mlive2dw/assets/assets/mtn/00_idle.mtn\u001b[39m","time":"2020-12-16T14:19:18.993Z","v":0}
{"name":"hexo","hostname":"xiayangdeMacBook-Pro.local","pid":33948,"level":30,"msg":"Generated: \u001b[35mlive2dw/assets/assets/mtn/03.mtn\u001b[39m","time":"2020-12-16T14:19:18.993Z","v":0}
{"name":"hexo","hostname":"xiayangdeMacBook-Pro.local","pid":33948,"level":30,"msg":"Generated: \u001b[35mlive2dw/assets/assets/mtn/01.mtn\u001b[39m","time":"2020-12-16T14:19:18.993Z","v":0}
{"name":"hexo","hostname":"xiayangdeMacBook-Pro.local","pid":33948,"level":30,"msg":"Generated: \u001b[35mlive2dw/assets/assets/mtn/04.mtn\u001b[39m","time":"2020-12-16T14:19:18.993Z","v":0}
{"name":"hexo","hostname":"xiayangdeMacBook-Pro.local","pid":33948,"level":30,"msg":"Generated: \u001b[35mlive2dw/assets/assets/mtn/06.mtn\u001b[39m","time":"2020-12-16T14:19:18.993Z","v":0}
{"name":"hexo","hostname":"xiayangdeMacBook-Pro.local","pid":33948,"level":30,"msg":"Generated: \u001b[35mlive2dw/assets/assets/mtn/08.mtn\u001b[39m","time":"2020-12-16T14:19:18.993Z","v":0}
{"name":"hexo","hostname":"xiayangdeMacBook-Pro.local","pid":33948,"level":30,"msg":"Generated: \u001b[35mlive2dw/assets/assets/tororo.model.json\u001b[39m","time":"2020-12-16T14:19:18.993Z","v":0}
{"name":"hexo","hostname":"xiayangdeMacBook-Pro.local","pid":33948,"level":30,"msg":"Generated: \u001b[35mlive2dw/assets/assets/mtn/02.mtn\u001b[39m","time":"2020-12-16T14:19:18.993Z","v":0}
{"name":"hexo","hostname":"xiayangdeMacBook-Pro.local","pid":33948,"level":30,"msg":"Generated: \u001b[35mlive2dw/assets/assets/tororo.pose.json\u001b[39m","time":"2020-12-16T14:19:18.993Z","v":0}
{"name":"hexo","hostname":"xiayangdeMacBook-Pro.local","pid":33948,"level":30,"msg":"Generated: \u001b[35mlive2dw/assets/assets/mtn/05.mtn\u001b[39m","time":"2020-12-16T14:19:18.993Z","v":0}
{"name":"hexo","hostname":"xiayangdeMacBook-Pro.local","pid":33948,"level":30,"msg":"Generated: \u001b[35mlive2dw/assets/assets/mtn/07.mtn\u001b[39m","time":"2020-12-16T14:19:18.993Z","v":0}
{"name":"hexo","hostname":"xiayangdeMacBook-Pro.local","pid":33948,"level":30,"msg":"Generated: \u001b[35mlive2dw/assets/package.json\u001b[39m","time":"2020-12-16T14:19:18.993Z","v":0}
{"name":"hexo","hostname":"xiayangdeMacBook-Pro.local","pid":33948,"level":30,"msg":"Generated: \u001b[35mlive2dw/lib/L2Dwidget.min.js\u001b[39m","time":"2020-12-16T14:19:18.993Z","v":0}
{"name":"hexo","hostname":"xiayangdeMacBook-Pro.local","pid":33948,"level":30,"msg":"Generated: \u001b[35mlive2dw/lib/L2Dwidget.min.js.map\u001b[39m","time":"2020-12-16T14:19:18.994Z","v":0}
{"name":"hexo","hostname":"xiayangdeMacBook-Pro.local","pid":33948,"level":30,"msg":"Generated: \u001b[35mlive2dw/assets/assets/moc/tororo.moc\u001b[39m","time":"2020-12-16T14:19:18.994Z","v":0}
{"name":"hexo","hostname":"xiayangdeMacBook-Pro.local","pid":33948,"level":30,"msg":"Generated: \u001b[35mlive2dw/lib/L2Dwidget.0.min.js\u001b[39m","time":"2020-12-16T14:19:18.994Z","v":0}
{"name":"hexo","hostname":"xiayangdeMacBook-Pro.local","pid":33948,"level":30,"msg":"Generated: \u001b[35mpage/2/index.html\u001b[39m","time":"2020-12-16T14:19:18.994Z","v":0}
{"name":"hexo","hostname":"xiayangdeMacBook-Pro.local","pid":33948,"level":30,"msg":"Generated: \u001b[35mpage/3/index.html\u001b[39m","time":"2020-12-16T14:19:18.994Z","v":0}
{"name":"hexo","hostname":"xiayangdeMacBook-Pro.local","pid":33948,"level":30,"msg":"Generated: \u001b[35mlive2dw/assets/assets/moc/tororo.2048/texture_00.png\u001b[39m","time":"2020-12-16T14:19:18.994Z","v":0}
{"name":"hexo","hostname":"xiayangdeMacBook-Pro.local","pid":33948,"level":30,"msg":"Generated: \u001b[35mlive2dw/lib/L2Dwidget.0.min.js.map\u001b[39m","time":"2020-12-16T14:19:18.995Z","v":0}
{"name":"hexo","hostname":"xiayangdeMacBook-Pro.local","pid":33948,"level":30,"msg":"85 files generated in \u001b[36m402 ms\u001b[39m","time":"2020-12-16T14:19:18.995Z","v":0}
{"name":"hexo","hostname":"xiayangdeMacBook-Pro.local","pid":33948,"level":20,"msg":"Database saved","time":"2020-12-16T14:19:19.003Z","v":0}
{"name":"hexo","hostname":"xiayangdeMacBook-Pro.local","pid":33996,"level":20,"msg":"Hexo version: \u001b[35m3.4.3\u001b[39m","time":"2020-12-16T14:23:20.222Z","v":0}
{"name":"hexo","hostname":"xiayangdeMacBook-Pro.local","pid":33996,"level":20,"msg":"Working directory: \u001b[35m~/code/liuxiayang.github.io.newcode/\u001b[39m","time":"2020-12-16T14:23:20.223Z","v":0}
{"name":"hexo","hostname":"xiayangdeMacBook-Pro.local","pid":33996,"level":20,"msg":"Config loaded: \u001b[35m~/code/liuxiayang.github.io.newcode/_config.yml\u001b[39m","time":"2020-12-16T14:23:20.286Z","v":0}
{"name":"hexo","hostname":"xiayangdeMacBook-Pro.local","pid":33996,"level":20,"msg":"Plugin loaded: \u001b[35mhexo-deployer-git\u001b[39m","time":"2020-12-16T14:23:20.299Z","v":0}
{"name":"hexo","hostname":"xiayangdeMacBook-Pro.local","pid":33996,"level":20,"msg":"Plugin loaded: \u001b[35mhexo-generator-archive\u001b[39m","time":"2020-12-16T14:23:20.300Z","v":0}
{"name":"hexo","hostname":"xiayangdeMacBook-Pro.local","pid":33996,"level":20,"msg":"Plugin loaded: \u001b[35mhexo-generator-category\u001b[39m","time":"2020-12-16T14:23:20.301Z","v":0}
{"name":"hexo","hostname":"xiayangdeMacBook-Pro.local","pid":33996,"level":20,"msg":"Plugin loaded: \u001b[35mhexo-generator-index\u001b[39m","time":"2020-12-16T14:23:20.302Z","v":0}
{"name":"hexo","hostname":"xiayangdeMacBook-Pro.local","pid":33996,"level":20,"msg":"Plugin loaded: \u001b[35mhexo-generator-index-plus\u001b[39m","time":"2020-12-16T14:23:20.303Z","v":0}
{"name":"hexo","hostname":"xiayangdeMacBook-Pro.local","pid":33996,"level":20,"msg":"Plugin loaded: \u001b[35mhexo-generator-tag\u001b[39m","time":"2020-12-16T14:23:20.304Z","v":0}
{"name":"hexo","hostname":"xiayangdeMacBook-Pro.local","pid":33996,"level":20,"msg":"Plugin loaded: \u001b[35mhexo-helper-live2d\u001b[39m","time":"2020-12-16T14:23:20.401Z","v":0}
{"name":"hexo","hostname":"xiayangdeMacBook-Pro.local","pid":33996,"level":20,"msg":"Plugin loaded: \u001b[35mhexo-renderer-markdown-it\u001b[39m","time":"2020-12-16T14:23:20.402Z","v":0}
{"name":"hexo","hostname":"xiayangdeMacBook-Pro.local","pid":33996,"level":20,"msg":"Plugin loaded: \u001b[35mhexo-generator-seo-friendly-sitemap\u001b[39m","time":"2020-12-16T14:23:20.413Z","v":0}
{"name":"hexo","hostname":"xiayangdeMacBook-Pro.local","pid":33996,"level":20,"msg":"Plugin loaded: \u001b[35mhexo-renderer-stylus\u001b[39m","time":"2020-12-16T14:23:20.413Z","v":0}
{"name":"hexo","hostname":"xiayangdeMacBook-Pro.local","pid":33996,"level":20,"msg":"Plugin loaded: \u001b[35mhexo-server\u001b[39m","time":"2020-12-16T14:23:20.446Z","v":0}
{"name":"hexo","hostname":"xiayangdeMacBook-Pro.local","pid":33996,"level":20,"msg":"Plugin loaded: \u001b[35mhexo-renderer-ejs\u001b[39m","time":"2020-12-16T14:23:20.447Z","v":0}
{"name":"hexo","hostname":"xiayangdeMacBook-Pro.local","pid":33996,"level":20,"msg":"Plugin loaded: \u001b[35mhexo-toc\u001b[39m","time":"2020-12-16T14:23:20.502Z","v":0}
{"name":"hexo","hostname":"xiayangdeMacBook-Pro.local","pid":33996,"level":20,"msg":"Loading database.","time":"2020-12-16T14:23:20.510Z","v":0}
{"name":"hexo","hostname":"xiayangdeMacBook-Pro.local","pid":33996,"level":30,"msg":"Start processing","time":"2020-12-16T14:23:20.585Z","v":0}
{"name":"hexo","hostname":"xiayangdeMacBook-Pro.local","pid":33996,"level":20,"msg":"Processed: \u001b[35m404.md\u001b[39m","time":"2020-12-16T14:23:20.603Z","v":0}
{"name":"hexo","hostname":"xiayangdeMacBook-Pro.local","pid":33996,"level":20,"msg":"Processed: \u001b[35m_drafts/test-new-draft.md\u001b[39m","time":"2020-12-16T14:23:20.626Z","v":0}
{"name":"hexo","hostname":"xiayangdeMacBook-Pro.local","pid":33996,"level":20,"msg":"Processed: \u001b[35mabout/index.md\u001b[39m","time":"2020-12-16T14:23:20.626Z","v":0}
{"name":"hexo","hostname":"xiayangdeMacBook-Pro.local","pid":33996,"level":20,"msg":"Processed: \u001b[35m_drafts/工作.md\u001b[39m","time":"2020-12-16T14:23:20.626Z","v":0}
{"name":"hexo","hostname":"xiayangdeMacBook-Pro.local","pid":33996,"level":20,"msg":"Processed: \u001b[35m_posts/CSS学习笔记.md\u001b[39m","time":"2020-12-16T14:23:20.626Z","v":0}
{"name":"hexo","hostname":"xiayangdeMacBook-Pro.local","pid":33996,"level":20,"msg":"Processed: \u001b[35m_posts/JS学习笔记.md\u001b[39m","time":"2020-12-16T14:23:20.626Z","v":0}
{"name":"hexo","hostname":"xiayangdeMacBook-Pro.local","pid":33996,"level":20,"msg":"Processed: \u001b[35m_posts/Learning-English.md\u001b[39m","time":"2020-12-16T14:23:20.626Z","v":0}
{"name":"hexo","hostname":"xiayangdeMacBook-Pro.local","pid":33996,"level":20,"msg":"Processed: \u001b[35m_posts/React-Hooks-全局状态管理.md\u001b[39m","time":"2020-12-16T14:23:20.626Z","v":0}
{"name":"hexo","hostname":"xiayangdeMacBook-Pro.local","pid":33996,"level":20,"msg":"Processed: \u001b[35m_posts/TestNewEssay.md\u001b[39m","time":"2020-12-16T14:23:20.626Z","v":0}
{"name":"hexo","hostname":"xiayangdeMacBook-Pro.local","pid":33996,"level":20,"msg":"Processed: \u001b[35m_posts/一些句子.md\u001b[39m","time":"2020-12-16T14:23:20.626Z","v":0}
{"name":"hexo","hostname":"xiayangdeMacBook-Pro.local","pid":33996,"level":20,"msg":"Processed: \u001b[35m_posts/书单.md\u001b[39m","time":"2020-12-16T14:23:20.626Z","v":0}
{"name":"hexo","hostname":"xiayangdeMacBook-Pro.local","pid":33996,"level":20,"msg":"Processed: \u001b[35m_posts/仿国外老哥粒子特效.md\u001b[39m","time":"2020-12-16T14:23:20.626Z","v":0}
{"name":"hexo","hostname":"xiayangdeMacBook-Pro.local","pid":33996,"level":20,"msg":"Processed: \u001b[35m_posts/再看《笑傲江湖》.md\u001b[39m","time":"2020-12-16T14:23:20.626Z","v":0}
{"name":"hexo","hostname":"xiayangdeMacBook-Pro.local","pid":33996,"level":20,"msg":"Processed: \u001b[35m_posts/前端笔记.md\u001b[39m","time":"2020-12-16T14:23:20.626Z","v":0}
{"name":"hexo","hostname":"xiayangdeMacBook-Pro.local","pid":33996,"level":20,"msg":"Processed: \u001b[35m_posts/动漫.md\u001b[39m","time":"2020-12-16T14:23:20.626Z","v":0}
{"name":"hexo","hostname":"xiayangdeMacBook-Pro.local","pid":33996,"level":20,"msg":"Processed: \u001b[35m_posts/后端学习笔记.md\u001b[39m","time":"2020-12-16T14:23:20.626Z","v":0}
{"name":"hexo","hostname":"xiayangdeMacBook-Pro.local","pid":33996,"level":20,"msg":"Processed: \u001b[35m_posts/影评.md\u001b[39m","time":"2020-12-16T14:23:20.626Z","v":0}
{"name":"hexo","hostname":"xiayangdeMacBook-Pro.local","pid":33996,"level":20,"msg":"Processed: \u001b[35m_posts/忍不了现在的推送算法了.md\u001b[39m","time":"2020-12-16T14:23:20.626Z","v":0}
{"name":"hexo","hostname":"xiayangdeMacBook-Pro.local","pid":33996,"level":20,"msg":"Processed: \u001b[35m_posts/我所了解的量子力学.md\u001b[39m","time":"2020-12-16T14:23:20.626Z","v":0}
{"name":"hexo","hostname":"xiayangdeMacBook-Pro.local","pid":33996,"level":20,"msg":"Processed: \u001b[35m_posts/收藏hahaha.md\u001b[39m","time":"2020-12-16T14:23:20.626Z","v":0}
{"name":"hexo","hostname":"xiayangdeMacBook-Pro.local","pid":33996,"level":20,"msg":"Processed: \u001b[35m_posts/文化人.md\u001b[39m","time":"2020-12-16T14:23:20.626Z","v":0}
{"name":"hexo","hostname":"xiayangdeMacBook-Pro.local","pid":33996,"level":20,"msg":"Processed: \u001b[35m_posts/日记与梦.md\u001b[39m","time":"2020-12-16T14:23:20.627Z","v":0}
{"name":"hexo","hostname":"xiayangdeMacBook-Pro.local","pid":33996,"level":20,"msg":"Processed: \u001b[35m_posts/有趣的Web-3D.md\u001b[39m","time":"2020-12-16T14:23:20.627Z","v":0}
{"name":"hexo","hostname":"xiayangdeMacBook-Pro.local","pid":33996,"level":20,"msg":"Processed: \u001b[35m_posts/有趣的知识来者不拒.md\u001b[39m","time":"2020-12-16T14:23:20.627Z","v":0}
{"name":"hexo","hostname":"xiayangdeMacBook-Pro.local","pid":33996,"level":20,"msg":"Processed: \u001b[35m_posts/理解this作用域链与原型链.md\u001b[39m","time":"2020-12-16T14:23:20.627Z","v":0}
{"name":"hexo","hostname":"xiayangdeMacBook-Pro.local","pid":33996,"level":20,"msg":"Processed: \u001b[35m_posts/经济学与理财生活.md\u001b[39m","time":"2020-12-16T14:23:20.627Z","v":0}
{"name":"hexo","hostname":"xiayangdeMacBook-Pro.local","pid":33996,"level":20,"msg":"Processed: \u001b[35m_posts/爸爸去哪了.md\u001b[39m","time":"2020-12-16T14:23:20.627Z","v":0}
{"name":"hexo","hostname":"xiayangdeMacBook-Pro.local","pid":33996,"level":20,"msg":"Processed: \u001b[35m_posts/读《薛兆丰的经济学讲义》.md\u001b[39m","time":"2020-12-16T14:23:20.627Z","v":0}
{"name":"hexo","hostname":"xiayangdeMacBook-Pro.local","pid":33996,"level":20,"msg":"Processed: \u001b[35m_posts/跨时代游戏策划.md\u001b[39m","time":"2020-12-16T14:23:20.627Z","v":0}
{"name":"hexo","hostname":"xiayangdeMacBook-Pro.local","pid":33996,"level":20,"msg":"Processed: \u001b[35marchive/index.md\u001b[39m","time":"2020-12-16T14:23:20.627Z","v":0}
{"name":"hexo","hostname":"xiayangdeMacBook-Pro.local","pid":33996,"level":20,"msg":"Processed: \u001b[35mothers/index.md\u001b[39m","time":"2020-12-16T14:23:20.635Z","v":0}
{"name":"hexo","hostname":"xiayangdeMacBook-Pro.local","pid":33996,"level":20,"msg":"Processed: \u001b[35mtags/index.md\u001b[39m","time":"2020-12-16T14:23:20.635Z","v":0}
{"name":"hexo","hostname":"xiayangdeMacBook-Pro.local","pid":33996,"level":20,"msg":"Processed: \u001b[35mimg/icon_wechat.png\u001b[39m","time":"2020-12-16T14:23:20.635Z","v":0}
{"name":"hexo","hostname":"xiayangdeMacBook-Pro.local","pid":33996,"level":20,"msg":"Processed: \u001b[35m_posts/前端笔记/defer-async.png\u001b[39m","time":"2020-12-16T14:23:20.658Z","v":0}
{"name":"hexo","hostname":"xiayangdeMacBook-Pro.local","pid":33996,"level":20,"msg":"Processed: \u001b[35m_posts/有趣的Web-3D/PerspectiveCamera1.jpg\u001b[39m","time":"2020-12-16T14:23:20.658Z","v":0}
{"name":"hexo","hostname":"xiayangdeMacBook-Pro.local","pid":33996,"level":20,"msg":"Processed: \u001b[35m_posts/有趣的Web-3D/tween.jpg\u001b[39m","time":"2020-12-16T14:23:20.659Z","v":0}
{"name":"hexo","hostname":"xiayangdeMacBook-Pro.local","pid":33996,"level":20,"msg":"Processed: \u001b[35m_posts/有趣的Web-3D/three-do.png\u001b[39m","time":"2020-12-16T14:23:20.659Z","v":0}
{"name":"hexo","hostname":"xiayangdeMacBook-Pro.local","pid":33996,"level":20,"msg":"Processed: \u001b[35m_posts/有趣的Web-3D/投影.jpeg\u001b[39m","time":"2020-12-16T14:23:20.659Z","v":0}
{"name":"hexo","hostname":"xiayangdeMacBook-Pro.local","pid":33996,"level":20,"msg":"Theme config loaded.","time":"2020-12-16T14:23:20.676Z","v":0}
{"name":"hexo","hostname":"xiayangdeMacBook-Pro.local","pid":33996,"level":20,"msg":"Processed: \u001b[35m_config.yml\u001b[39m","time":"2020-12-16T14:23:20.678Z","v":0}
{"name":"hexo","hostname":"xiayangdeMacBook-Pro.local","pid":33996,"level":20,"msg":"Processed: \u001b[35mimg/avatar/Hikigaya.Hachiman.jpg\u001b[39m","time":"2020-12-16T14:23:20.678Z","v":0}
{"name":"hexo","hostname":"xiayangdeMacBook-Pro.local","pid":33996,"level":20,"msg":"Processed: \u001b[35m_posts/有趣的Web-3D/OrthographicCamera1.jpg\u001b[39m","time":"2020-12-16T14:23:20.678Z","v":0}
{"name":"hexo","hostname":"xiayangdeMacBook-Pro.local","pid":33996,"level":20,"msg":"Processed: \u001b[35mimg/header_img/about-turn.jpg\u001b[39m","time":"2020-12-16T14:23:20.678Z","v":0}
{"name":"hexo","hostname":"xiayangdeMacBook-Pro.local","pid":33996,"level":20,"msg":"Processed: \u001b[35m_posts/有趣的Web-3D/球体法向量.png\u001b[39m","time":"2020-12-16T14:23:20.678Z","v":0}
{"name":"hexo","hostname":"xiayangdeMacBook-Pro.local","pid":33996,"level":20,"msg":"Processed: \u001b[35mimg/header_img/about-turn1.jpg\u001b[39m","time":"2020-12-16T14:23:20.679Z","v":0}
{"name":"hexo","hostname":"xiayangdeMacBook-Pro.local","pid":33996,"level":20,"msg":"Processed: \u001b[35m_posts/有趣的Web-3D/二维拉三维.png\u001b[39m","time":"2020-12-16T14:23:20.679Z","v":0}
{"name":"hexo","hostname":"xiayangdeMacBook-Pro.local","pid":33996,"level":20,"msg":"Processed: \u001b[35mimg/in-article/division-1.jpg\u001b[39m","time":"2020-12-16T14:23:20.679Z","v":0}
{"name":"hexo","hostname":"xiayangdeMacBook-Pro.local","pid":33996,"level":20,"msg":"Processed: \u001b[35msource/css/archive.styl\u001b[39m","time":"2020-12-16T14:23:20.679Z","v":0}
{"name":"hexo","hostname":"xiayangdeMacBook-Pro.local","pid":33996,"level":20,"msg":"Processed: \u001b[35msource/css/beantech.css\u001b[39m","time":"2020-12-16T14:23:20.679Z","v":0}
{"name":"hexo","hostname":"xiayangdeMacBook-Pro.local","pid":33996,"level":20,"msg":"Processed: \u001b[35msource/css/beantech.min.css\u001b[39m","time":"2020-12-16T14:23:20.679Z","v":0}
{"name":"hexo","hostname":"xiayangdeMacBook-Pro.local","pid":33996,"level":20,"msg":"Processed: \u001b[35msource/css/donate.css\u001b[39m","time":"2020-12-16T14:23:20.679Z","v":0}
{"name":"hexo","hostname":"xiayangdeMacBook-Pro.local","pid":33996,"level":20,"msg":"Processed: \u001b[35msource/css/highlight.styl\u001b[39m","time":"2020-12-16T14:23:20.680Z","v":0}
{"name":"hexo","hostname":"xiayangdeMacBook-Pro.local","pid":33996,"level":20,"msg":"Processed: \u001b[35msource/css/hux-blog.min.css\u001b[39m","time":"2020-12-16T14:23:20.680Z","v":0}
{"name":"hexo","hostname":"xiayangdeMacBook-Pro.local","pid":33996,"level":20,"msg":"Processed: \u001b[35msource/css/rocket.styl\u001b[39m","time":"2020-12-16T14:23:20.680Z","v":0}
{"name":"hexo","hostname":"xiayangdeMacBook-Pro.local","pid":33996,"level":20,"msg":"Processed: \u001b[35msource/css/signature.styl\u001b[39m","time":"2020-12-16T14:23:20.680Z","v":0}
{"name":"hexo","hostname":"xiayangdeMacBook-Pro.local","pid":33996,"level":20,"msg":"Processed: \u001b[35msource/css/toc.styl\u001b[39m","time":"2020-12-16T14:23:20.680Z","v":0}
{"name":"hexo","hostname":"xiayangdeMacBook-Pro.local","pid":33996,"level":20,"msg":"Processed: \u001b[35msource/css/widget.styl\u001b[39m","time":"2020-12-16T14:23:20.680Z","v":0}
{"name":"hexo","hostname":"xiayangdeMacBook-Pro.local","pid":33996,"level":20,"msg":"Processed: \u001b[35msource/fonts/glyphicons-halflings-regular.eot\u001b[39m","time":"2020-12-16T14:23:20.680Z","v":0}
{"name":"hexo","hostname":"xiayangdeMacBook-Pro.local","pid":33996,"level":20,"msg":"Processed: \u001b[35msource/fonts/glyphicons-halflings-regular.ttf\u001b[39m","time":"2020-12-16T14:23:20.680Z","v":0}
{"name":"hexo","hostname":"xiayangdeMacBook-Pro.local","pid":33996,"level":20,"msg":"Processed: \u001b[35msource/fonts/glyphicons-halflings-regular.woff\u001b[39m","time":"2020-12-16T14:23:20.681Z","v":0}
{"name":"hexo","hostname":"xiayangdeMacBook-Pro.local","pid":33996,"level":20,"msg":"Processed: \u001b[35msource/fonts/glyphicons-halflings-regular.woff2\u001b[39m","time":"2020-12-16T14:23:20.681Z","v":0}
{"name":"hexo","hostname":"xiayangdeMacBook-Pro.local","pid":33996,"level":20,"msg":"Processed: \u001b[35msource/js/hux-blog.js\u001b[39m","time":"2020-12-16T14:23:20.681Z","v":0}
{"name":"hexo","hostname":"xiayangdeMacBook-Pro.local","pid":33996,"level":20,"msg":"Processed: \u001b[35msource/js/bootstrap.min.js\u001b[39m","time":"2020-12-16T14:23:20.681Z","v":0}
{"name":"hexo","hostname":"xiayangdeMacBook-Pro.local","pid":33996,"level":20,"msg":"Processed: \u001b[35msource/js/hux-blog.min.js\u001b[39m","time":"2020-12-16T14:23:20.681Z","v":0}
{"name":"hexo","hostname":"xiayangdeMacBook-Pro.local","pid":33996,"level":20,"msg":"Processed: \u001b[35msource/js/jquery.nav.js\u001b[39m","time":"2020-12-16T14:23:20.681Z","v":0}
{"name":"hexo","hostname":"xiayangdeMacBook-Pro.local","pid":33996,"level":20,"msg":"Processed: \u001b[35msource/js/jquery.tagcloud.js\u001b[39m","time":"2020-12-16T14:23:20.681Z","v":0}
{"name":"hexo","hostname":"xiayangdeMacBook-Pro.local","pid":33996,"level":20,"msg":"Processed: \u001b[35msource/js/toc.js\u001b[39m","time":"2020-12-16T14:23:20.681Z","v":0}
{"name":"hexo","hostname":"xiayangdeMacBook-Pro.local","pid":33996,"level":20,"msg":"Processed: \u001b[35msource/js/totop.js\u001b[39m","time":"2020-12-16T14:23:20.681Z","v":0}
{"name":"hexo","hostname":"xiayangdeMacBook-Pro.local","pid":33996,"level":20,"msg":"Processed: \u001b[35mimg/header_img/about.jpg\u001b[39m","time":"2020-12-16T14:23:20.687Z","v":0}
{"name":"hexo","hostname":"xiayangdeMacBook-Pro.local","pid":33996,"level":20,"msg":"Processed: \u001b[35m_posts/有趣的Web-3D/曲线旋转体.png\u001b[39m","time":"2020-12-16T14:23:20.687Z","v":0}
{"name":"hexo","hostname":"xiayangdeMacBook-Pro.local","pid":33996,"level":20,"msg":"Processed: \u001b[35msource/css/bootstrap.min.css\u001b[39m","time":"2020-12-16T14:23:20.688Z","v":0}
{"name":"hexo","hostname":"xiayangdeMacBook-Pro.local","pid":33996,"level":20,"msg":"Processed: \u001b[35msource/fonts/glyphicons-halflings-regular.svg\u001b[39m","time":"2020-12-16T14:23:20.688Z","v":0}
{"name":"hexo","hostname":"xiayangdeMacBook-Pro.local","pid":33996,"level":20,"msg":"Processed: \u001b[35msource/js/bootstrap.js\u001b[39m","time":"2020-12-16T14:23:20.688Z","v":0}
{"name":"hexo","hostname":"xiayangdeMacBook-Pro.local","pid":33996,"level":20,"msg":"Processed: \u001b[35msource/js/jquery.min.js\u001b[39m","time":"2020-12-16T14:23:20.688Z","v":0}
{"name":"hexo","hostname":"xiayangdeMacBook-Pro.local","pid":33996,"level":20,"msg":"Processed: \u001b[35mlayout/404.ejs\u001b[39m","time":"2020-12-16T14:23:20.699Z","v":0}
{"name":"hexo","hostname":"xiayangdeMacBook-Pro.local","pid":33996,"level":20,"msg":"Processed: \u001b[35mlayout/about.ejs\u001b[39m","time":"2020-12-16T14:23:20.699Z","v":0}
{"name":"hexo","hostname":"xiayangdeMacBook-Pro.local","pid":33996,"level":20,"msg":"Processed: \u001b[35mlayout/archive.ejs\u001b[39m","time":"2020-12-16T14:23:20.699Z","v":0}
{"name":"hexo","hostname":"xiayangdeMacBook-Pro.local","pid":33996,"level":20,"msg":"Processed: \u001b[35mlayout/index.ejs\u001b[39m","time":"2020-12-16T14:23:20.699Z","v":0}
{"name":"hexo","hostname":"xiayangdeMacBook-Pro.local","pid":33996,"level":20,"msg":"Processed: \u001b[35mlayout/keynote.ejs\u001b[39m","time":"2020-12-16T14:23:20.699Z","v":0}
{"name":"hexo","hostname":"xiayangdeMacBook-Pro.local","pid":33996,"level":20,"msg":"Processed: \u001b[35mlayout/layout.ejs\u001b[39m","time":"2020-12-16T14:23:20.699Z","v":0}
{"name":"hexo","hostname":"xiayangdeMacBook-Pro.local","pid":33996,"level":20,"msg":"Processed: \u001b[35mlayout/page.ejs\u001b[39m","time":"2020-12-16T14:23:20.699Z","v":0}
{"name":"hexo","hostname":"xiayangdeMacBook-Pro.local","pid":33996,"level":20,"msg":"Processed: \u001b[35mlayout/post.ejs\u001b[39m","time":"2020-12-16T14:23:20.699Z","v":0}
{"name":"hexo","hostname":"xiayangdeMacBook-Pro.local","pid":33996,"level":20,"msg":"Processed: \u001b[35mlayout/tags.ejs\u001b[39m","time":"2020-12-16T14:23:20.699Z","v":0}
{"name":"hexo","hostname":"xiayangdeMacBook-Pro.local","pid":33996,"level":20,"msg":"Processed: \u001b[35mimg/header_img/archives-widget.jpg\u001b[39m","time":"2020-12-16T14:23:20.700Z","v":0}
{"name":"hexo","hostname":"xiayangdeMacBook-Pro.local","pid":33996,"level":20,"msg":"Processed: \u001b[35mimg/signature/BeanTechSign-white.png\u001b[39m","time":"2020-12-16T14:23:20.700Z","v":0}
{"name":"hexo","hostname":"xiayangdeMacBook-Pro.local","pid":33996,"level":20,"msg":"Processed: \u001b[35msource/css/bootstrap.css\u001b[39m","time":"2020-12-16T14:23:20.700Z","v":0}
{"name":"hexo","hostname":"xiayangdeMacBook-Pro.local","pid":33996,"level":20,"msg":"Processed: \u001b[35msource/css/images/ironman.png\u001b[39m","time":"2020-12-16T14:23:20.700Z","v":0}
{"name":"hexo","hostname":"xiayangdeMacBook-Pro.local","pid":33996,"level":20,"msg":"Processed: \u001b[35msource/css/images/rocket.png\u001b[39m","time":"2020-12-16T14:23:20.700Z","v":0}
{"name":"hexo","hostname":"xiayangdeMacBook-Pro.local","pid":33996,"level":20,"msg":"Processed: \u001b[35mimg/header_img/archive.jpg\u001b[39m","time":"2020-12-16T14:23:20.704Z","v":0}
{"name":"hexo","hostname":"xiayangdeMacBook-Pro.local","pid":33996,"level":20,"msg":"Processed: \u001b[35m_posts/有趣的Web-3D/mesh.png\u001b[39m","time":"2020-12-16T14:23:20.704Z","v":0}
{"name":"hexo","hostname":"xiayangdeMacBook-Pro.local","pid":33996,"level":20,"msg":"Processed: \u001b[35msource/js/jquery.js\u001b[39m","time":"2020-12-16T14:23:20.705Z","v":0}
{"name":"hexo","hostname":"xiayangdeMacBook-Pro.local","pid":33996,"level":20,"msg":"Processed: \u001b[35mlayout/_partial/footer.ejs\u001b[39m","time":"2020-12-16T14:23:20.708Z","v":0}
{"name":"hexo","hostname":"xiayangdeMacBook-Pro.local","pid":33996,"level":20,"msg":"Processed: \u001b[35mlayout/_partial/head.ejs\u001b[39m","time":"2020-12-16T14:23:20.709Z","v":0}
{"name":"hexo","hostname":"xiayangdeMacBook-Pro.local","pid":33996,"level":20,"msg":"Processed: \u001b[35mlayout/_partial/pagination.ejs\u001b[39m","time":"2020-12-16T14:23:20.709Z","v":0}
{"name":"hexo","hostname":"xiayangdeMacBook-Pro.local","pid":33996,"level":20,"msg":"Processed: \u001b[35mlayout/_partial/header.ejs\u001b[39m","time":"2020-12-16T14:23:20.709Z","v":0}
{"name":"hexo","hostname":"xiayangdeMacBook-Pro.local","pid":33996,"level":20,"msg":"Processed: \u001b[35mlayout/_partial/nav.ejs\u001b[39m","time":"2020-12-16T14:23:20.709Z","v":0}
{"name":"hexo","hostname":"xiayangdeMacBook-Pro.local","pid":33996,"level":20,"msg":"Processed: \u001b[35mlayout/_partial/sidebar.ejs\u001b[39m","time":"2020-12-16T14:23:20.709Z","v":0}
{"name":"hexo","hostname":"xiayangdeMacBook-Pro.local","pid":33996,"level":20,"msg":"Processed: \u001b[35mlayout/_widget/archive.ejs\u001b[39m","time":"2020-12-16T14:23:20.709Z","v":0}
{"name":"hexo","hostname":"xiayangdeMacBook-Pro.local","pid":33996,"level":20,"msg":"Processed: \u001b[35mlayout/_partial/toc.ejs\u001b[39m","time":"2020-12-16T14:23:20.709Z","v":0}
{"name":"hexo","hostname":"xiayangdeMacBook-Pro.local","pid":33996,"level":20,"msg":"Processed: \u001b[35mlayout/_widget/featured-tags.ejs\u001b[39m","time":"2020-12-16T14:23:20.709Z","v":0}
{"name":"hexo","hostname":"xiayangdeMacBook-Pro.local","pid":33996,"level":20,"msg":"Processed: \u001b[35mlayout/_widget/friends-blog.ejs\u001b[39m","time":"2020-12-16T14:23:20.709Z","v":0}
{"name":"hexo","hostname":"xiayangdeMacBook-Pro.local","pid":33996,"level":20,"msg":"Processed: \u001b[35mlayout/_widget/category.ejs\u001b[39m","time":"2020-12-16T14:23:20.709Z","v":0}
{"name":"hexo","hostname":"xiayangdeMacBook-Pro.local","pid":33996,"level":20,"msg":"Processed: \u001b[35mlayout/_widget/recent-posts.ejs\u001b[39m","time":"2020-12-16T14:23:20.709Z","v":0}
{"name":"hexo","hostname":"xiayangdeMacBook-Pro.local","pid":33996,"level":20,"msg":"Processed: \u001b[35mlayout/_widget/short-about.ejs\u001b[39m","time":"2020-12-16T14:23:20.709Z","v":0}
{"name":"hexo","hostname":"xiayangdeMacBook-Pro.local","pid":33996,"level":20,"msg":"Processed: \u001b[35mimg/avatar/ironman.png\u001b[39m","time":"2020-12-16T14:23:20.709Z","v":0}
{"name":"hexo","hostname":"xiayangdeMacBook-Pro.local","pid":33996,"level":20,"msg":"Processed: \u001b[35mimg/signature/BeanTechSign-black.png\u001b[39m","time":"2020-12-16T14:23:20.712Z","v":0}
{"name":"hexo","hostname":"xiayangdeMacBook-Pro.local","pid":33996,"level":20,"msg":"Processed: \u001b[35mimg/article_header/article_bg.jpg\u001b[39m","time":"2020-12-16T14:23:20.724Z","v":0}
{"name":"hexo","hostname":"xiayangdeMacBook-Pro.local","pid":33996,"level":20,"msg":"Processed: \u001b[35m_posts/忍不了现在的推送算法了/zhihuScreenshot.png\u001b[39m","time":"2020-12-16T14:23:20.724Z","v":0}
{"name":"hexo","hostname":"xiayangdeMacBook-Pro.local","pid":33996,"level":20,"msg":"Processed: \u001b[35mimg/header_img/home.jpg\u001b[39m","time":"2020-12-16T14:23:20.730Z","v":0}
{"name":"hexo","hostname":"xiayangdeMacBook-Pro.local","pid":33996,"level":20,"msg":"Processed: \u001b[35mimg/header_img/tag.png\u001b[39m","time":"2020-12-16T14:23:20.741Z","v":0}
{"name":"hexo","hostname":"xiayangdeMacBook-Pro.local","pid":33996,"level":20,"msg":"Processed: \u001b[35mimg/Demo.png\u001b[39m","time":"2020-12-16T14:23:20.744Z","v":0}
{"name":"hexo","hostname":"xiayangdeMacBook-Pro.local","pid":33996,"level":20,"msg":"Processed: \u001b[35mimg/article_header/article_header.png\u001b[39m","time":"2020-12-16T14:23:20.744Z","v":0}
{"name":"hexo","hostname":"xiayangdeMacBook-Pro.local","pid":33996,"level":20,"msg":"Processed: \u001b[35mimg/header_img/home-bg-o.png\u001b[39m","time":"2020-12-16T14:23:20.746Z","v":0}
{"name":"hexo","hostname":"xiayangdeMacBook-Pro.local","pid":33996,"level":20,"msg":"Processed: \u001b[35mimg/header_img/home2.png\u001b[39m","time":"2020-12-16T14:23:20.746Z","v":0}
{"name":"hexo","hostname":"xiayangdeMacBook-Pro.local","pid":33996,"level":20,"msg":"Processed: \u001b[35mimg/header_img/404.png\u001b[39m","time":"2020-12-16T14:23:20.751Z","v":0}
{"name":"hexo","hostname":"xiayangdeMacBook-Pro.local","pid":33996,"level":20,"msg":"Generator: \u001b[35mpage\u001b[39m","time":"2020-12-16T14:23:20.794Z","v":0}
{"name":"hexo","hostname":"xiayangdeMacBook-Pro.local","pid":33996,"level":20,"msg":"Generator: \u001b[35mpost\u001b[39m","time":"2020-12-16T14:23:20.794Z","v":0}
{"name":"hexo","hostname":"xiayangdeMacBook-Pro.local","pid":33996,"level":20,"msg":"Generator: \u001b[35marchive\u001b[39m","time":"2020-12-16T14:23:20.794Z","v":0}
{"name":"hexo","hostname":"xiayangdeMacBook-Pro.local","pid":33996,"level":20,"msg":"Generator: \u001b[35mcategory\u001b[39m","time":"2020-12-16T14:23:20.794Z","v":0}
{"name":"hexo","hostname":"xiayangdeMacBook-Pro.local","pid":33996,"level":20,"msg":"Generator: \u001b[35mindex\u001b[39m","time":"2020-12-16T14:23:20.794Z","v":0}
{"name":"hexo","hostname":"xiayangdeMacBook-Pro.local","pid":33996,"level":20,"msg":"Generator: \u001b[35mtag\u001b[39m","time":"2020-12-16T14:23:20.794Z","v":0}
{"name":"hexo","hostname":"xiayangdeMacBook-Pro.local","pid":33996,"level":20,"msg":"Generator: \u001b[35mlive2d\u001b[39m","time":"2020-12-16T14:23:20.794Z","v":0}
{"name":"hexo","hostname":"xiayangdeMacBook-Pro.local","pid":33996,"level":20,"msg":"Generator: \u001b[35masset\u001b[39m","time":"2020-12-16T14:23:20.799Z","v":0}
{"name":"hexo","hostname":"xiayangdeMacBook-Pro.local","pid":33996,"level":20,"msg":"Generator: \u001b[35msitemap\u001b[39m","time":"2020-12-16T14:23:20.803Z","v":0}
{"name":"hexo","hostname":"xiayangdeMacBook-Pro.local","pid":33996,"level":30,"msg":"Hexo is running at \u001b[4mhttp://localhost:4000/\u001b[24m. Press Ctrl+C to stop.","time":"2020-12-16T14:23:20.809Z","v":0}
{"name":"hexo","hostname":"xiayangdeMacBook-Pro.local","pid":33996,"level":20,"msg":"Database saved","time":"2020-12-16T14:23:20.819Z","v":0}
